Building DAG of jobs...
Using shell: /usr/bin/bash
Provided cores: 10
Rules claiming more threads will be scaled down.
Provided resources: mem_mb=14822, mem_mib=14136, disk_mb=14822, disk_mib=14136
Select jobs to execute...

[Thu May 16 13:01:05 2024]
rule trim_bbduk:
    input: rawReads/Psi1_A81_NS_Male_L4_R1.fastq.gz, rawReads/Psi1_A81_NS_Male_L4_R2.fastq.gz
    output: trimmedReads/Psi1_A81_NS_Male_L4_trim_R1.fastq.gz, trimmedReads/Psi1_A81_NS_Male_L4_trim_R2.fastq.gz
    jobid: 0
    reason: Forced execution
    wildcards: sample=Psi1_A81_NS_Male_L4
    resources: mem_mb=14822, mem_mib=14136, disk_mb=14822, disk_mib=14136, tmpdir=/tmp

java -ea -Xmx3g -Xms3g -cp /research/labs/neurology/fryer/m214960/tools/miniconda3/envs/psilo/opt/bbmap-39.01-1/current/ jgi.BBDuk -Xmx3g in1=rawReads/Psi1_A81_NS_Male_L4_R1.fastq.gz in2=rawReads/Psi1_A81_NS_Male_L4_R2.fastq.gz out1=trimmedReads/Psi1_A81_NS_Male_L4_trim_R1.fastq.gz out2=trimmedReads/Psi1_A81_NS_Male_L4_trim_R2.fastq.gz ref=refs/adapters.fa ktrim=r k=23 mink=11 hdist=1 tpe tbo threads=20 trimpolyg=1 trimpolya=1
Executing jgi.BBDuk [-Xmx3g, in1=rawReads/Psi1_A81_NS_Male_L4_R1.fastq.gz, in2=rawReads/Psi1_A81_NS_Male_L4_R2.fastq.gz, out1=trimmedReads/Psi1_A81_NS_Male_L4_trim_R1.fastq.gz, out2=trimmedReads/Psi1_A81_NS_Male_L4_trim_R2.fastq.gz, ref=refs/adapters.fa, ktrim=r, k=23, mink=11, hdist=1, tpe, tbo, threads=20, trimpolyg=1, trimpolya=1]
Version 39.01

Set threads to 20
maskMiddle was disabled because useShortKmers=true
0.068 seconds.
Initial:
Memory: max=3221m, total=3221m, free=3193m, used=28m

Added 3614 kmers; time: 	0.111 seconds.
Memory: max=3221m, total=3221m, free=3184m, used=37m

Input is being processed as paired
Started output streams:	0.245 seconds.
Processing time:   		306.875 seconds.

Input:                  	136023394 reads 		13738362794 bases.
Polymer-trimmed:        	197078168 reads (144.89%) 	364885244 bases (2.66%)
KTrimmed:               	5365230 reads (3.94%) 	194943928 bases (1.42%)
Trimmed by overlap:     	3838088 reads (2.82%) 	20162838 bases (0.15%)
Total Removed:          	1009034 reads (0.74%) 	579992010 bases (4.22%)
Result:                 	135014360 reads (99.26%) 	13158370784 bases (95.78%)

Time:                         	307.232 seconds.
Reads Processed:        136m 	442.74k reads/sec
Bases Processed:      13738m 	44.72m bases/sec
[Thu May 16 13:06:14 2024]
Finished job 0.
1 of 1 steps (100%) done
