Building DAG of jobs...
Using shell: /usr/bin/bash
Provided cores: 10
Rules claiming more threads will be scaled down.
Provided resources: mem_mb=13704, mem_mib=13070, disk_mb=13704, disk_mib=13070
Select jobs to execute...

[Thu May 16 12:55:24 2024]
rule trim_bbduk:
    input: rawReads/Psi1_A27_NS_Female_L3_R1.fastq.gz, rawReads/Psi1_A27_NS_Female_L3_R2.fastq.gz
    output: trimmedReads/Psi1_A27_NS_Female_L3_trim_R1.fastq.gz, trimmedReads/Psi1_A27_NS_Female_L3_trim_R2.fastq.gz
    jobid: 0
    reason: Forced execution
    wildcards: sample=Psi1_A27_NS_Female_L3
    resources: mem_mb=13704, mem_mib=13070, disk_mb=13704, disk_mib=13070, tmpdir=/tmp

java -ea -Xmx3g -Xms3g -cp /research/labs/neurology/fryer/m214960/tools/miniconda3/envs/psilo/opt/bbmap-39.01-1/current/ jgi.BBDuk -Xmx3g in1=rawReads/Psi1_A27_NS_Female_L3_R1.fastq.gz in2=rawReads/Psi1_A27_NS_Female_L3_R2.fastq.gz out1=trimmedReads/Psi1_A27_NS_Female_L3_trim_R1.fastq.gz out2=trimmedReads/Psi1_A27_NS_Female_L3_trim_R2.fastq.gz ref=refs/adapters.fa ktrim=r k=23 mink=11 hdist=1 tpe tbo threads=20 trimpolyg=1 trimpolya=1
Executing jgi.BBDuk [-Xmx3g, in1=rawReads/Psi1_A27_NS_Female_L3_R1.fastq.gz, in2=rawReads/Psi1_A27_NS_Female_L3_R2.fastq.gz, out1=trimmedReads/Psi1_A27_NS_Female_L3_trim_R1.fastq.gz, out2=trimmedReads/Psi1_A27_NS_Female_L3_trim_R2.fastq.gz, ref=refs/adapters.fa, ktrim=r, k=23, mink=11, hdist=1, tpe, tbo, threads=20, trimpolyg=1, trimpolya=1]
Version 39.01

Set threads to 20
maskMiddle was disabled because useShortKmers=true
0.018 seconds.
Initial:
Memory: max=3221m, total=3221m, free=3193m, used=28m

Added 3614 kmers; time: 	0.016 seconds.
Memory: max=3221m, total=3221m, free=3184m, used=37m

Input is being processed as paired
Started output streams:	0.442 seconds.
Processing time:   		236.203 seconds.

Input:                  	127676916 reads 		12895368516 bases.
Polymer-trimmed:        	194904026 reads (152.65%) 	363702320 bases (2.82%)
KTrimmed:               	6128528 reads (4.80%) 	205744608 bases (1.60%)
Trimmed by overlap:     	4645842 reads (3.64%) 	24395792 bases (0.19%)
Total Removed:          	911014 reads (0.71%) 	593842720 bases (4.61%)
Result:                 	126765902 reads (99.29%) 	12301525796 bases (95.39%)

Time:                         	236.663 seconds.
Reads Processed:        127m 	539.49k reads/sec
Bases Processed:      12895m 	54.49m bases/sec
[Thu May 16 12:59:21 2024]
Finished job 0.
1 of 1 steps (100%) done
