Building DAG of jobs...
Using shell: /usr/bin/bash
Provided cores: 10
Rules claiming more threads will be scaled down.
Provided resources: mem_mb=14901, mem_mib=14211, disk_mb=14901, disk_mib=14211
Select jobs to execute...

[Thu May 16 12:46:54 2024]
rule trim_bbduk:
    input: rawReads/Psi1_A34_High_Male_L3_R1.fastq.gz, rawReads/Psi1_A34_High_Male_L3_R2.fastq.gz
    output: trimmedReads/Psi1_A34_High_Male_L3_trim_R1.fastq.gz, trimmedReads/Psi1_A34_High_Male_L3_trim_R2.fastq.gz
    jobid: 0
    reason: Forced execution
    wildcards: sample=Psi1_A34_High_Male_L3
    resources: mem_mb=14901, mem_mib=14211, disk_mb=14901, disk_mib=14211, tmpdir=/tmp

java -ea -Xmx3g -Xms3g -cp /research/labs/neurology/fryer/m214960/tools/miniconda3/envs/psilo/opt/bbmap-39.01-1/current/ jgi.BBDuk -Xmx3g in1=rawReads/Psi1_A34_High_Male_L3_R1.fastq.gz in2=rawReads/Psi1_A34_High_Male_L3_R2.fastq.gz out1=trimmedReads/Psi1_A34_High_Male_L3_trim_R1.fastq.gz out2=trimmedReads/Psi1_A34_High_Male_L3_trim_R2.fastq.gz ref=refs/adapters.fa ktrim=r k=23 mink=11 hdist=1 tpe tbo threads=20 trimpolyg=1 trimpolya=1
Executing jgi.BBDuk [-Xmx3g, in1=rawReads/Psi1_A34_High_Male_L3_R1.fastq.gz, in2=rawReads/Psi1_A34_High_Male_L3_R2.fastq.gz, out1=trimmedReads/Psi1_A34_High_Male_L3_trim_R1.fastq.gz, out2=trimmedReads/Psi1_A34_High_Male_L3_trim_R2.fastq.gz, ref=refs/adapters.fa, ktrim=r, k=23, mink=11, hdist=1, tpe, tbo, threads=20, trimpolyg=1, trimpolya=1]
Version 39.01

Set threads to 20
maskMiddle was disabled because useShortKmers=true
0.582 seconds.
Initial:
Memory: max=3221m, total=3221m, free=3193m, used=28m

Added 3614 kmers; time: 	0.904 seconds.
Memory: max=3221m, total=3221m, free=3184m, used=37m

Input is being processed as paired
Started output streams:	2.781 seconds.
Processing time:   		355.020 seconds.

Input:                  	137713674 reads 		13909081074 bases.
Polymer-trimmed:        	204573565 reads (148.55%) 	382946308 bases (2.75%)
KTrimmed:               	5468618 reads (3.97%) 	178406072 bases (1.28%)
Trimmed by overlap:     	4204984 reads (3.05%) 	22165174 bases (0.16%)
Total Removed:          	778654 reads (0.57%) 	583517554 bases (4.20%)
Result:                 	136935020 reads (99.43%) 	13325563520 bases (95.80%)

Time:                         	358.708 seconds.
Reads Processed:        137m 	383.92k reads/sec
Bases Processed:      13909m 	38.78m bases/sec
[Thu May 16 12:53:03 2024]
Finished job 0.
1 of 1 steps (100%) done
