Building DAG of jobs...
Using shell: /usr/bin/bash
Provided cores: 10
Rules claiming more threads will be scaled down.
Provided resources: mem_mb=13803, mem_mib=13164, disk_mb=13803, disk_mib=13164
Select jobs to execute...

[Thu May 16 12:58:25 2024]
rule trim_bbduk:
    input: rawReads/Psi1_A54_NS_Male_L4_R1.fastq.gz, rawReads/Psi1_A54_NS_Male_L4_R2.fastq.gz
    output: trimmedReads/Psi1_A54_NS_Male_L4_trim_R1.fastq.gz, trimmedReads/Psi1_A54_NS_Male_L4_trim_R2.fastq.gz
    jobid: 0
    reason: Forced execution
    wildcards: sample=Psi1_A54_NS_Male_L4
    resources: mem_mb=13803, mem_mib=13164, disk_mb=13803, disk_mib=13164, tmpdir=/tmp

java -ea -Xmx3g -Xms3g -cp /research/labs/neurology/fryer/m214960/tools/miniconda3/envs/psilo/opt/bbmap-39.01-1/current/ jgi.BBDuk -Xmx3g in1=rawReads/Psi1_A54_NS_Male_L4_R1.fastq.gz in2=rawReads/Psi1_A54_NS_Male_L4_R2.fastq.gz out1=trimmedReads/Psi1_A54_NS_Male_L4_trim_R1.fastq.gz out2=trimmedReads/Psi1_A54_NS_Male_L4_trim_R2.fastq.gz ref=refs/adapters.fa ktrim=r k=23 mink=11 hdist=1 tpe tbo threads=20 trimpolyg=1 trimpolya=1
Executing jgi.BBDuk [-Xmx3g, in1=rawReads/Psi1_A54_NS_Male_L4_R1.fastq.gz, in2=rawReads/Psi1_A54_NS_Male_L4_R2.fastq.gz, out1=trimmedReads/Psi1_A54_NS_Male_L4_trim_R1.fastq.gz, out2=trimmedReads/Psi1_A54_NS_Male_L4_trim_R2.fastq.gz, ref=refs/adapters.fa, ktrim=r, k=23, mink=11, hdist=1, tpe, tbo, threads=20, trimpolyg=1, trimpolya=1]
Version 39.01

Set threads to 20
maskMiddle was disabled because useShortKmers=true
0.021 seconds.
Initial:
Memory: max=3221m, total=3221m, free=3193m, used=28m

Added 3614 kmers; time: 	0.020 seconds.
Memory: max=3221m, total=3221m, free=3184m, used=37m

Input is being processed as paired
Started output streams:	0.146 seconds.
Processing time:   		336.465 seconds.

Input:                  	127133898 reads 		12840523698 bases.
Polymer-trimmed:        	190137169 reads (149.56%) 	353577008 bases (2.75%)
KTrimmed:               	4576368 reads (3.60%) 	145789284 bases (1.14%)
Trimmed by overlap:     	3676742 reads (2.89%) 	19366714 bases (0.15%)
Total Removed:          	610102 reads (0.48%) 	518733006 bases (4.04%)
Result:                 	126523796 reads (99.52%) 	12321790692 bases (95.96%)

Time:                         	336.634 seconds.
Reads Processed:        127m 	377.66k reads/sec
Bases Processed:      12840m 	38.14m bases/sec
[Thu May 16 13:04:02 2024]
Finished job 0.
1 of 1 steps (100%) done
