Building DAG of jobs...
Using shell: /usr/bin/bash
Provided cores: 10
Rules claiming more threads will be scaled down.
Provided resources: mem_mb=16690, mem_mib=15917, disk_mb=16690, disk_mib=15917
Select jobs to execute...

[Thu May 16 12:58:43 2024]
rule trim_bbduk:
    input: rawReads/Psi1_A41_Low_Male_L3_R1.fastq.gz, rawReads/Psi1_A41_Low_Male_L3_R2.fastq.gz
    output: trimmedReads/Psi1_A41_Low_Male_L3_trim_R1.fastq.gz, trimmedReads/Psi1_A41_Low_Male_L3_trim_R2.fastq.gz
    jobid: 0
    reason: Forced execution
    wildcards: sample=Psi1_A41_Low_Male_L3
    resources: mem_mb=16690, mem_mib=15917, disk_mb=16690, disk_mib=15917, tmpdir=/tmp

java -ea -Xmx3g -Xms3g -cp /research/labs/neurology/fryer/m214960/tools/miniconda3/envs/psilo/opt/bbmap-39.01-1/current/ jgi.BBDuk -Xmx3g in1=rawReads/Psi1_A41_Low_Male_L3_R1.fastq.gz in2=rawReads/Psi1_A41_Low_Male_L3_R2.fastq.gz out1=trimmedReads/Psi1_A41_Low_Male_L3_trim_R1.fastq.gz out2=trimmedReads/Psi1_A41_Low_Male_L3_trim_R2.fastq.gz ref=refs/adapters.fa ktrim=r k=23 mink=11 hdist=1 tpe tbo threads=20 trimpolyg=1 trimpolya=1
Executing jgi.BBDuk [-Xmx3g, in1=rawReads/Psi1_A41_Low_Male_L3_R1.fastq.gz, in2=rawReads/Psi1_A41_Low_Male_L3_R2.fastq.gz, out1=trimmedReads/Psi1_A41_Low_Male_L3_trim_R1.fastq.gz, out2=trimmedReads/Psi1_A41_Low_Male_L3_trim_R2.fastq.gz, ref=refs/adapters.fa, ktrim=r, k=23, mink=11, hdist=1, tpe, tbo, threads=20, trimpolyg=1, trimpolya=1]
Version 39.01

Set threads to 20
maskMiddle was disabled because useShortKmers=true
0.195 seconds.
Initial:
Memory: max=3221m, total=3221m, free=3193m, used=28m

Added 3614 kmers; time: 	0.559 seconds.
Memory: max=3221m, total=3221m, free=3184m, used=37m

Input is being processed as paired
Started output streams:	0.236 seconds.
Processing time:   		310.963 seconds.

Input:                  	155470330 reads 		15702503330 bases.
Polymer-trimmed:        	233464155 reads (150.17%) 	432433917 bases (2.75%)
KTrimmed:               	6484306 reads (4.17%) 	215929234 bases (1.38%)
Trimmed by overlap:     	5169942 reads (3.33%) 	26983714 bases (0.17%)
Total Removed:          	970882 reads (0.62%) 	675346865 bases (4.30%)
Result:                 	154499448 reads (99.38%) 	15027156465 bases (95.70%)

Time:                         	311.760 seconds.
Reads Processed:        155m 	498.69k reads/sec
Bases Processed:      15702m 	50.37m bases/sec
[Thu May 16 13:04:08 2024]
Finished job 0.
1 of 1 steps (100%) done
