Building DAG of jobs...
Using shell: /usr/bin/bash
Provided cores: 10
Rules claiming more threads will be scaled down.
Provided resources: mem_mb=13160, mem_mib=12551, disk_mb=13160, disk_mib=12551
Select jobs to execute...

[Thu May 16 13:04:25 2024]
rule trim_bbduk:
    input: rawReads/Psi1_A82_NS_Male_L4_R1.fastq.gz, rawReads/Psi1_A82_NS_Male_L4_R2.fastq.gz
    output: trimmedReads/Psi1_A82_NS_Male_L4_trim_R1.fastq.gz, trimmedReads/Psi1_A82_NS_Male_L4_trim_R2.fastq.gz
    jobid: 0
    reason: Forced execution
    wildcards: sample=Psi1_A82_NS_Male_L4
    resources: mem_mb=13160, mem_mib=12551, disk_mb=13160, disk_mib=12551, tmpdir=/tmp

java -ea -Xmx3g -Xms3g -cp /research/labs/neurology/fryer/m214960/tools/miniconda3/envs/psilo/opt/bbmap-39.01-1/current/ jgi.BBDuk -Xmx3g in1=rawReads/Psi1_A82_NS_Male_L4_R1.fastq.gz in2=rawReads/Psi1_A82_NS_Male_L4_R2.fastq.gz out1=trimmedReads/Psi1_A82_NS_Male_L4_trim_R1.fastq.gz out2=trimmedReads/Psi1_A82_NS_Male_L4_trim_R2.fastq.gz ref=refs/adapters.fa ktrim=r k=23 mink=11 hdist=1 tpe tbo threads=20 trimpolyg=1 trimpolya=1
Executing jgi.BBDuk [-Xmx3g, in1=rawReads/Psi1_A82_NS_Male_L4_R1.fastq.gz, in2=rawReads/Psi1_A82_NS_Male_L4_R2.fastq.gz, out1=trimmedReads/Psi1_A82_NS_Male_L4_trim_R1.fastq.gz, out2=trimmedReads/Psi1_A82_NS_Male_L4_trim_R2.fastq.gz, ref=refs/adapters.fa, ktrim=r, k=23, mink=11, hdist=1, tpe, tbo, threads=20, trimpolyg=1, trimpolya=1]
Version 39.01

Set threads to 20
maskMiddle was disabled because useShortKmers=true
0.022 seconds.
Initial:
Memory: max=3221m, total=3221m, free=3193m, used=28m

Added 3614 kmers; time: 	0.021 seconds.
Memory: max=3221m, total=3221m, free=3185m, used=36m

Input is being processed as paired
Started output streams:	0.320 seconds.
Processing time:   		316.156 seconds.

Input:                  	121092898 reads 		12230382698 bases.
Polymer-trimmed:        	178547794 reads (147.45%) 	331060383 bases (2.71%)
KTrimmed:               	4606694 reads (3.80%) 	193965812 bases (1.59%)
Trimmed by overlap:     	3179806 reads (2.63%) 	16718750 bases (0.14%)
Total Removed:          	1204712 reads (0.99%) 	541744945 bases (4.43%)
Result:                 	119888186 reads (99.01%) 	11688637753 bases (95.57%)

Time:                         	316.498 seconds.
Reads Processed:        121m 	382.60k reads/sec
Bases Processed:      12230m 	38.64m bases/sec
[Thu May 16 13:09:43 2024]
Finished job 0.
1 of 1 steps (100%) done
