Building DAG of jobs...
Using shell: /usr/bin/bash
Provided cores: 10
Rules claiming more threads will be scaled down.
Provided resources: mem_mb=15606, mem_mib=14884, disk_mb=15606, disk_mib=14884
Select jobs to execute...

[Thu May 16 12:52:24 2024]
rule trim_bbduk:
    input: rawReads/Psi1_A59_NS_Female_L4_R1.fastq.gz, rawReads/Psi1_A59_NS_Female_L4_R2.fastq.gz
    output: trimmedReads/Psi1_A59_NS_Female_L4_trim_R1.fastq.gz, trimmedReads/Psi1_A59_NS_Female_L4_trim_R2.fastq.gz
    jobid: 0
    reason: Forced execution
    wildcards: sample=Psi1_A59_NS_Female_L4
    resources: mem_mb=15606, mem_mib=14884, disk_mb=15606, disk_mib=14884, tmpdir=/tmp

java -ea -Xmx3g -Xms3g -cp /research/labs/neurology/fryer/m214960/tools/miniconda3/envs/psilo/opt/bbmap-39.01-1/current/ jgi.BBDuk -Xmx3g in1=rawReads/Psi1_A59_NS_Female_L4_R1.fastq.gz in2=rawReads/Psi1_A59_NS_Female_L4_R2.fastq.gz out1=trimmedReads/Psi1_A59_NS_Female_L4_trim_R1.fastq.gz out2=trimmedReads/Psi1_A59_NS_Female_L4_trim_R2.fastq.gz ref=refs/adapters.fa ktrim=r k=23 mink=11 hdist=1 tpe tbo threads=20 trimpolyg=1 trimpolya=1
Executing jgi.BBDuk [-Xmx3g, in1=rawReads/Psi1_A59_NS_Female_L4_R1.fastq.gz, in2=rawReads/Psi1_A59_NS_Female_L4_R2.fastq.gz, out1=trimmedReads/Psi1_A59_NS_Female_L4_trim_R1.fastq.gz, out2=trimmedReads/Psi1_A59_NS_Female_L4_trim_R2.fastq.gz, ref=refs/adapters.fa, ktrim=r, k=23, mink=11, hdist=1, tpe, tbo, threads=20, trimpolyg=1, trimpolya=1]
Version 39.01

Set threads to 20
maskMiddle was disabled because useShortKmers=true
0.018 seconds.
Initial:
Memory: max=3221m, total=3221m, free=3193m, used=28m

Added 3614 kmers; time: 	0.015 seconds.
Memory: max=3221m, total=3221m, free=3184m, used=37m

Input is being processed as paired
Started output streams:	0.143 seconds.
Processing time:   		289.149 seconds.

Input:                  	144623092 reads 		14606932292 bases.
Polymer-trimmed:        	215494322 reads (149.00%) 	400654161 bases (2.74%)
KTrimmed:               	6761954 reads (4.68%) 	249764446 bases (1.71%)
Trimmed by overlap:     	5017920 reads (3.47%) 	26309330 bases (0.18%)
Total Removed:          	1323142 reads (0.91%) 	676727937 bases (4.63%)
Result:                 	143299950 reads (99.09%) 	13930204355 bases (95.37%)

Time:                         	289.308 seconds.
Reads Processed:        144m 	499.89k reads/sec
Bases Processed:      14606m 	50.49m bases/sec
[Thu May 16 12:57:14 2024]
Finished job 0.
1 of 1 steps (100%) done
