Building DAG of jobs...
Using shell: /usr/bin/bash
Provided cores: 10
Rules claiming more threads will be scaled down.
Provided resources: mem_mb=13810, mem_mib=13171, disk_mb=13810, disk_mib=13171
Select jobs to execute...

[Thu May 16 12:53:17 2024]
rule trim_bbduk:
    input: rawReads/Psi1_A13_Low_Male_L3_R1.fastq.gz, rawReads/Psi1_A13_Low_Male_L3_R2.fastq.gz
    output: trimmedReads/Psi1_A13_Low_Male_L3_trim_R1.fastq.gz, trimmedReads/Psi1_A13_Low_Male_L3_trim_R2.fastq.gz
    jobid: 0
    reason: Forced execution
    wildcards: sample=Psi1_A13_Low_Male_L3
    resources: mem_mb=13810, mem_mib=13171, disk_mb=13810, disk_mib=13171, tmpdir=/tmp

java -ea -Xmx3g -Xms3g -cp /research/labs/neurology/fryer/m214960/tools/miniconda3/envs/psilo/opt/bbmap-39.01-1/current/ jgi.BBDuk -Xmx3g in1=rawReads/Psi1_A13_Low_Male_L3_R1.fastq.gz in2=rawReads/Psi1_A13_Low_Male_L3_R2.fastq.gz out1=trimmedReads/Psi1_A13_Low_Male_L3_trim_R1.fastq.gz out2=trimmedReads/Psi1_A13_Low_Male_L3_trim_R2.fastq.gz ref=refs/adapters.fa ktrim=r k=23 mink=11 hdist=1 tpe tbo threads=20 trimpolyg=1 trimpolya=1
Executing jgi.BBDuk [-Xmx3g, in1=rawReads/Psi1_A13_Low_Male_L3_R1.fastq.gz, in2=rawReads/Psi1_A13_Low_Male_L3_R2.fastq.gz, out1=trimmedReads/Psi1_A13_Low_Male_L3_trim_R1.fastq.gz, out2=trimmedReads/Psi1_A13_Low_Male_L3_trim_R2.fastq.gz, ref=refs/adapters.fa, ktrim=r, k=23, mink=11, hdist=1, tpe, tbo, threads=20, trimpolyg=1, trimpolya=1]
Version 39.01

Set threads to 20
maskMiddle was disabled because useShortKmers=true
0.228 seconds.
Initial:
Memory: max=3221m, total=3221m, free=3193m, used=28m

Added 3614 kmers; time: 	0.424 seconds.
Memory: max=3221m, total=3221m, free=3184m, used=37m

Input is being processed as paired
Started output streams:	0.375 seconds.
Processing time:   		336.313 seconds.

Input:                  	127636510 reads 		12891287510 bases.
Polymer-trimmed:        	189860919 reads (148.75%) 	351070184 bases (2.72%)
KTrimmed:               	4400570 reads (3.45%) 	141949700 bases (1.10%)
Trimmed by overlap:     	3680932 reads (2.88%) 	19238322 bases (0.15%)
Total Removed:          	620466 reads (0.49%) 	512258206 bases (3.97%)
Result:                 	127016044 reads (99.51%) 	12379029304 bases (96.03%)

Time:                         	337.114 seconds.
Reads Processed:        127m 	378.62k reads/sec
Bases Processed:      12891m 	38.24m bases/sec
[Thu May 16 12:59:08 2024]
Finished job 0.
1 of 1 steps (100%) done
