Building DAG of jobs...
Using shell: /usr/bin/bash
Provided cores: 10
Rules claiming more threads will be scaled down.
Provided resources: mem_mb=14076, mem_mib=13424, disk_mb=14076, disk_mib=13424
Select jobs to execute...

[Thu May 16 13:05:50 2024]
rule trim_bbduk:
    input: rawReads/Psi1_A74_Low_Male_L4_R1.fastq.gz, rawReads/Psi1_A74_Low_Male_L4_R2.fastq.gz
    output: trimmedReads/Psi1_A74_Low_Male_L4_trim_R1.fastq.gz, trimmedReads/Psi1_A74_Low_Male_L4_trim_R2.fastq.gz
    jobid: 0
    reason: Forced execution
    wildcards: sample=Psi1_A74_Low_Male_L4
    resources: mem_mb=14076, mem_mib=13424, disk_mb=14076, disk_mib=13424, tmpdir=/tmp

java -ea -Xmx3g -Xms3g -cp /research/labs/neurology/fryer/m214960/tools/miniconda3/envs/psilo/opt/bbmap-39.01-1/current/ jgi.BBDuk -Xmx3g in1=rawReads/Psi1_A74_Low_Male_L4_R1.fastq.gz in2=rawReads/Psi1_A74_Low_Male_L4_R2.fastq.gz out1=trimmedReads/Psi1_A74_Low_Male_L4_trim_R1.fastq.gz out2=trimmedReads/Psi1_A74_Low_Male_L4_trim_R2.fastq.gz ref=refs/adapters.fa ktrim=r k=23 mink=11 hdist=1 tpe tbo threads=20 trimpolyg=1 trimpolya=1
Executing jgi.BBDuk [-Xmx3g, in1=rawReads/Psi1_A74_Low_Male_L4_R1.fastq.gz, in2=rawReads/Psi1_A74_Low_Male_L4_R2.fastq.gz, out1=trimmedReads/Psi1_A74_Low_Male_L4_trim_R1.fastq.gz, out2=trimmedReads/Psi1_A74_Low_Male_L4_trim_R2.fastq.gz, ref=refs/adapters.fa, ktrim=r, k=23, mink=11, hdist=1, tpe, tbo, threads=20, trimpolyg=1, trimpolya=1]
Version 39.01

Set threads to 20
maskMiddle was disabled because useShortKmers=true
0.020 seconds.
Initial:
Memory: max=3221m, total=3221m, free=3193m, used=28m

Added 3614 kmers; time: 	0.020 seconds.
Memory: max=3221m, total=3221m, free=3185m, used=36m

Input is being processed as paired
Started output streams:	0.482 seconds.
Processing time:   		323.189 seconds.

Input:                  	130086742 reads 		13138760942 bases.
Polymer-trimmed:        	193454439 reads (148.71%) 	361413792 bases (2.75%)
KTrimmed:               	6020276 reads (4.63%) 	240341246 bases (1.83%)
Trimmed by overlap:     	4057292 reads (3.12%) 	21391380 bases (0.16%)
Total Removed:          	1384796 reads (1.06%) 	623146418 bases (4.74%)
Result:                 	128701946 reads (98.94%) 	12515614524 bases (95.26%)

Time:                         	323.693 seconds.
Reads Processed:        130m 	401.88k reads/sec
Bases Processed:      13138m 	40.59m bases/sec
[Thu May 16 13:11:14 2024]
Finished job 0.
1 of 1 steps (100%) done
