Building DAG of jobs...
Using shell: /usr/bin/bash
Provided cores: 10
Rules claiming more threads will be scaled down.
Provided resources: mem_mb=14833, mem_mib=14146, disk_mb=14833, disk_mib=14146
Select jobs to execute...

[Thu May 16 12:58:43 2024]
rule trim_bbduk:
    input: rawReads/Psi1_A48_Low_Female_L4_R1.fastq.gz, rawReads/Psi1_A48_Low_Female_L4_R2.fastq.gz
    output: trimmedReads/Psi1_A48_Low_Female_L4_trim_R1.fastq.gz, trimmedReads/Psi1_A48_Low_Female_L4_trim_R2.fastq.gz
    jobid: 0
    reason: Forced execution
    wildcards: sample=Psi1_A48_Low_Female_L4
    resources: mem_mb=14833, mem_mib=14146, disk_mb=14833, disk_mib=14146, tmpdir=/tmp

java -ea -Xmx3g -Xms3g -cp /research/labs/neurology/fryer/m214960/tools/miniconda3/envs/psilo/opt/bbmap-39.01-1/current/ jgi.BBDuk -Xmx3g in1=rawReads/Psi1_A48_Low_Female_L4_R1.fastq.gz in2=rawReads/Psi1_A48_Low_Female_L4_R2.fastq.gz out1=trimmedReads/Psi1_A48_Low_Female_L4_trim_R1.fastq.gz out2=trimmedReads/Psi1_A48_Low_Female_L4_trim_R2.fastq.gz ref=refs/adapters.fa ktrim=r k=23 mink=11 hdist=1 tpe tbo threads=20 trimpolyg=1 trimpolya=1
Executing jgi.BBDuk [-Xmx3g, in1=rawReads/Psi1_A48_Low_Female_L4_R1.fastq.gz, in2=rawReads/Psi1_A48_Low_Female_L4_R2.fastq.gz, out1=trimmedReads/Psi1_A48_Low_Female_L4_trim_R1.fastq.gz, out2=trimmedReads/Psi1_A48_Low_Female_L4_trim_R2.fastq.gz, ref=refs/adapters.fa, ktrim=r, k=23, mink=11, hdist=1, tpe, tbo, threads=20, trimpolyg=1, trimpolya=1]
Version 39.01

Set threads to 20
maskMiddle was disabled because useShortKmers=true
0.202 seconds.
Initial:
Memory: max=3221m, total=3221m, free=3193m, used=28m

Added 3614 kmers; time: 	0.557 seconds.
Memory: max=3221m, total=3221m, free=3183m, used=38m

Input is being processed as paired
Started output streams:	0.270 seconds.
Processing time:   		266.370 seconds.

Input:                  	136720858 reads 		13808806658 bases.
Polymer-trimmed:        	202906643 reads (148.41%) 	375616042 bases (2.72%)
KTrimmed:               	5480728 reads (4.01%) 	159785286 bases (1.16%)
Trimmed by overlap:     	4437206 reads (3.25%) 	23298932 bases (0.17%)
Total Removed:          	542334 reads (0.40%) 	558700260 bases (4.05%)
Result:                 	136178524 reads (99.60%) 	13250106398 bases (95.95%)

Time:                         	267.197 seconds.
Reads Processed:        136m 	511.69k reads/sec
Bases Processed:      13808m 	51.68m bases/sec
[Thu May 16 13:03:24 2024]
Finished job 0.
1 of 1 steps (100%) done
