Building DAG of jobs...
Using shell: /usr/bin/bash
Provided cores: 10
Rules claiming more threads will be scaled down.
Provided resources: mem_mb=12862, mem_mib=12267, disk_mb=12862, disk_mib=12267
Select jobs to execute...

[Thu May 16 12:46:54 2024]
rule trim_bbduk:
    input: rawReads/Psi1_A37_High_Female_L3_R1.fastq.gz, rawReads/Psi1_A37_High_Female_L3_R2.fastq.gz
    output: trimmedReads/Psi1_A37_High_Female_L3_trim_R1.fastq.gz, trimmedReads/Psi1_A37_High_Female_L3_trim_R2.fastq.gz
    jobid: 0
    reason: Forced execution
    wildcards: sample=Psi1_A37_High_Female_L3
    resources: mem_mb=12862, mem_mib=12267, disk_mb=12862, disk_mib=12267, tmpdir=/tmp

java -ea -Xmx3g -Xms3g -cp /research/labs/neurology/fryer/m214960/tools/miniconda3/envs/psilo/opt/bbmap-39.01-1/current/ jgi.BBDuk -Xmx3g in1=rawReads/Psi1_A37_High_Female_L3_R1.fastq.gz in2=rawReads/Psi1_A37_High_Female_L3_R2.fastq.gz out1=trimmedReads/Psi1_A37_High_Female_L3_trim_R1.fastq.gz out2=trimmedReads/Psi1_A37_High_Female_L3_trim_R2.fastq.gz ref=refs/adapters.fa ktrim=r k=23 mink=11 hdist=1 tpe tbo threads=20 trimpolyg=1 trimpolya=1
Executing jgi.BBDuk [-Xmx3g, in1=rawReads/Psi1_A37_High_Female_L3_R1.fastq.gz, in2=rawReads/Psi1_A37_High_Female_L3_R2.fastq.gz, out1=trimmedReads/Psi1_A37_High_Female_L3_trim_R1.fastq.gz, out2=trimmedReads/Psi1_A37_High_Female_L3_trim_R2.fastq.gz, ref=refs/adapters.fa, ktrim=r, k=23, mink=11, hdist=1, tpe, tbo, threads=20, trimpolyg=1, trimpolya=1]
Version 39.01

Set threads to 20
maskMiddle was disabled because useShortKmers=true
0.582 seconds.
Initial:
Memory: max=3221m, total=3221m, free=3193m, used=28m

Added 3614 kmers; time: 	0.904 seconds.
Memory: max=3221m, total=3221m, free=3184m, used=37m

Input is being processed as paired
Started output streams:	0.703 seconds.
Processing time:   		295.591 seconds.

Input:                  	119056028 reads 		12024658828 bases.
Polymer-trimmed:        	176011023 reads (147.84%) 	325956778 bases (2.71%)
KTrimmed:               	4432214 reads (3.72%) 	179146366 bases (1.49%)
Trimmed by overlap:     	3243166 reads (2.72%) 	16976998 bases (0.14%)
Total Removed:          	1074096 reads (0.90%) 	522080142 bases (4.34%)
Result:                 	117981932 reads (99.10%) 	11502578686 bases (95.66%)

Time:                         	297.200 seconds.
Reads Processed:        119m 	400.59k reads/sec
Bases Processed:      12024m 	40.46m bases/sec
[Thu May 16 12:52:12 2024]
Finished job 0.
1 of 1 steps (100%) done
