Building DAG of jobs...
Using shell: /usr/bin/bash
Provided cores: 10
Rules claiming more threads will be scaled down.
Provided resources: mem_mb=14107, mem_mib=13454, disk_mb=14107, disk_mib=13454
Select jobs to execute...

[Thu May 16 12:52:49 2024]
rule trim_bbduk:
    input: rawReads/Psi1_A9_High_Female_L3_R1.fastq.gz, rawReads/Psi1_A9_High_Female_L3_R2.fastq.gz
    output: trimmedReads/Psi1_A9_High_Female_L3_trim_R1.fastq.gz, trimmedReads/Psi1_A9_High_Female_L3_trim_R2.fastq.gz
    jobid: 0
    reason: Forced execution
    wildcards: sample=Psi1_A9_High_Female_L3
    resources: mem_mb=14107, mem_mib=13454, disk_mb=14107, disk_mib=13454, tmpdir=/tmp

java -ea -Xmx3g -Xms3g -cp /research/labs/neurology/fryer/m214960/tools/miniconda3/envs/psilo/opt/bbmap-39.01-1/current/ jgi.BBDuk -Xmx3g in1=rawReads/Psi1_A9_High_Female_L3_R1.fastq.gz in2=rawReads/Psi1_A9_High_Female_L3_R2.fastq.gz out1=trimmedReads/Psi1_A9_High_Female_L3_trim_R1.fastq.gz out2=trimmedReads/Psi1_A9_High_Female_L3_trim_R2.fastq.gz ref=refs/adapters.fa ktrim=r k=23 mink=11 hdist=1 tpe tbo threads=20 trimpolyg=1 trimpolya=1
Executing jgi.BBDuk [-Xmx3g, in1=rawReads/Psi1_A9_High_Female_L3_R1.fastq.gz, in2=rawReads/Psi1_A9_High_Female_L3_R2.fastq.gz, out1=trimmedReads/Psi1_A9_High_Female_L3_trim_R1.fastq.gz, out2=trimmedReads/Psi1_A9_High_Female_L3_trim_R2.fastq.gz, ref=refs/adapters.fa, ktrim=r, k=23, mink=11, hdist=1, tpe, tbo, threads=20, trimpolyg=1, trimpolya=1]
Version 39.01

Set threads to 20
maskMiddle was disabled because useShortKmers=true
0.021 seconds.
Initial:
Memory: max=3221m, total=3221m, free=3193m, used=28m

Added 3614 kmers; time: 	0.019 seconds.
Memory: max=3221m, total=3221m, free=3184m, used=37m

Input is being processed as paired
Started output streams:	0.144 seconds.
Processing time:   		346.125 seconds.

Input:                  	129684626 reads 		13098147226 bases.
Polymer-trimmed:        	186947892 reads (144.16%) 	344150333 bases (2.63%)
KTrimmed:               	4079940 reads (3.15%) 	127452108 bases (0.97%)
Trimmed by overlap:     	3435692 reads (2.65%) 	18005004 bases (0.14%)
Total Removed:          	543598 reads (0.42%) 	489607445 bases (3.74%)
Result:                 	129141028 reads (99.58%) 	12608539781 bases (96.26%)

Time:                         	346.290 seconds.
Reads Processed:        129m 	374.50k reads/sec
Bases Processed:      13098m 	37.82m bases/sec
[Thu May 16 12:58:36 2024]
Finished job 0.
1 of 1 steps (100%) done
