Building DAG of jobs...
Using shell: /usr/bin/bash
Provided cores: 10
Rules claiming more threads will be scaled down.
Provided resources: mem_mb=11172, mem_mib=10655, disk_mb=11172, disk_mib=10655
Select jobs to execute...

[Thu May 16 13:10:25 2024]
rule trim_bbduk:
    input: rawReads/Psi1_A32_High_Male_L3_R1.fastq.gz, rawReads/Psi1_A32_High_Male_L3_R2.fastq.gz
    output: trimmedReads/Psi1_A32_High_Male_L3_trim_R1.fastq.gz, trimmedReads/Psi1_A32_High_Male_L3_trim_R2.fastq.gz
    jobid: 0
    reason: Forced execution
    wildcards: sample=Psi1_A32_High_Male_L3
    resources: mem_mb=11172, mem_mib=10655, disk_mb=11172, disk_mib=10655, tmpdir=/tmp

java -ea -Xmx3g -Xms3g -cp /research/labs/neurology/fryer/m214960/tools/miniconda3/envs/psilo/opt/bbmap-39.01-1/current/ jgi.BBDuk -Xmx3g in1=rawReads/Psi1_A32_High_Male_L3_R1.fastq.gz in2=rawReads/Psi1_A32_High_Male_L3_R2.fastq.gz out1=trimmedReads/Psi1_A32_High_Male_L3_trim_R1.fastq.gz out2=trimmedReads/Psi1_A32_High_Male_L3_trim_R2.fastq.gz ref=refs/adapters.fa ktrim=r k=23 mink=11 hdist=1 tpe tbo threads=20 trimpolyg=1 trimpolya=1
Executing jgi.BBDuk [-Xmx3g, in1=rawReads/Psi1_A32_High_Male_L3_R1.fastq.gz, in2=rawReads/Psi1_A32_High_Male_L3_R2.fastq.gz, out1=trimmedReads/Psi1_A32_High_Male_L3_trim_R1.fastq.gz, out2=trimmedReads/Psi1_A32_High_Male_L3_trim_R2.fastq.gz, ref=refs/adapters.fa, ktrim=r, k=23, mink=11, hdist=1, tpe, tbo, threads=20, trimpolyg=1, trimpolya=1]
Version 39.01

Set threads to 20
maskMiddle was disabled because useShortKmers=true
0.021 seconds.
Initial:
Memory: max=3221m, total=3221m, free=3193m, used=28m

Added 3614 kmers; time: 	0.019 seconds.
Memory: max=3221m, total=3221m, free=3184m, used=37m

Input is being processed as paired
Started output streams:	0.117 seconds.
Processing time:   		269.201 seconds.

Input:                  	103338560 reads 		10437194560 bases.
Polymer-trimmed:        	152752892 reads (147.82%) 	282987881 bases (2.71%)
KTrimmed:               	4528698 reads (4.38%) 	156585400 bases (1.50%)
Trimmed by overlap:     	3422998 reads (3.31%) 	17922638 bases (0.17%)
Total Removed:          	738270 reads (0.71%) 	457495919 bases (4.38%)
Result:                 	102600290 reads (99.29%) 	9979698641 bases (95.62%)

Time:                         	269.339 seconds.
Reads Processed:        103m 	383.68k reads/sec
Bases Processed:      10437m 	38.75m bases/sec
[Thu May 16 13:14:56 2024]
Finished job 0.
1 of 1 steps (100%) done
