Building DAG of jobs...
Using shell: /usr/bin/bash
Provided cores: 10
Rules claiming more threads will be scaled down.
Provided resources: mem_mb=11731, mem_mib=11188, disk_mb=11731, disk_mib=11188
Select jobs to execute...

[Thu May 16 13:08:48 2024]
rule trim_bbduk:
    input: rawReads/Psi1_A80_Low_Female_L4_R1.fastq.gz, rawReads/Psi1_A80_Low_Female_L4_R2.fastq.gz
    output: trimmedReads/Psi1_A80_Low_Female_L4_trim_R1.fastq.gz, trimmedReads/Psi1_A80_Low_Female_L4_trim_R2.fastq.gz
    jobid: 0
    reason: Forced execution
    wildcards: sample=Psi1_A80_Low_Female_L4
    resources: mem_mb=11731, mem_mib=11188, disk_mb=11731, disk_mib=11188, tmpdir=/tmp

java -ea -Xmx3g -Xms3g -cp /research/labs/neurology/fryer/m214960/tools/miniconda3/envs/psilo/opt/bbmap-39.01-1/current/ jgi.BBDuk -Xmx3g in1=rawReads/Psi1_A80_Low_Female_L4_R1.fastq.gz in2=rawReads/Psi1_A80_Low_Female_L4_R2.fastq.gz out1=trimmedReads/Psi1_A80_Low_Female_L4_trim_R1.fastq.gz out2=trimmedReads/Psi1_A80_Low_Female_L4_trim_R2.fastq.gz ref=refs/adapters.fa ktrim=r k=23 mink=11 hdist=1 tpe tbo threads=20 trimpolyg=1 trimpolya=1
Executing jgi.BBDuk [-Xmx3g, in1=rawReads/Psi1_A80_Low_Female_L4_R1.fastq.gz, in2=rawReads/Psi1_A80_Low_Female_L4_R2.fastq.gz, out1=trimmedReads/Psi1_A80_Low_Female_L4_trim_R1.fastq.gz, out2=trimmedReads/Psi1_A80_Low_Female_L4_trim_R2.fastq.gz, ref=refs/adapters.fa, ktrim=r, k=23, mink=11, hdist=1, tpe, tbo, threads=20, trimpolyg=1, trimpolya=1]
Version 39.01

Set threads to 20
maskMiddle was disabled because useShortKmers=true
0.424 seconds.
Initial:
Memory: max=3221m, total=3221m, free=3193m, used=28m

Added 3614 kmers; time: 	0.542 seconds.
Memory: max=3221m, total=3221m, free=3184m, used=37m

Input is being processed as paired
Started output streams:	0.343 seconds.
Processing time:   		201.826 seconds.

Input:                  	106760202 reads 		10782780402 bases.
Polymer-trimmed:        	159577480 reads (149.47%) 	297742446 bases (2.76%)
KTrimmed:               	4915112 reads (4.60%) 	157233722 bases (1.46%)
Trimmed by overlap:     	3568892 reads (3.34%) 	18948672 bases (0.18%)
Total Removed:          	637736 reads (0.60%) 	473924840 bases (4.40%)
Result:                 	106122466 reads (99.40%) 	10308855562 bases (95.60%)

Time:                         	202.712 seconds.
Reads Processed:        106m 	526.66k reads/sec
Bases Processed:      10782m 	53.19m bases/sec
[Thu May 16 13:12:27 2024]
Finished job 0.
1 of 1 steps (100%) done
