Building DAG of jobs...
Using shell: /usr/bin/bash
Provided cores: 10
Rules claiming more threads will be scaled down.
Provided resources: mem_mb=13355, mem_mib=12737, disk_mb=13355, disk_mib=12737
Select jobs to execute...

[Thu May 16 13:10:03 2024]
rule trim_bbduk:
    input: rawReads/Psi1_A42_Low_Male_L3_R1.fastq.gz, rawReads/Psi1_A42_Low_Male_L3_R2.fastq.gz
    output: trimmedReads/Psi1_A42_Low_Male_L3_trim_R1.fastq.gz, trimmedReads/Psi1_A42_Low_Male_L3_trim_R2.fastq.gz
    jobid: 0
    reason: Forced execution
    wildcards: sample=Psi1_A42_Low_Male_L3
    resources: mem_mb=13355, mem_mib=12737, disk_mb=13355, disk_mib=12737, tmpdir=/tmp

java -ea -Xmx3g -Xms3g -cp /research/labs/neurology/fryer/m214960/tools/miniconda3/envs/psilo/opt/bbmap-39.01-1/current/ jgi.BBDuk -Xmx3g in1=rawReads/Psi1_A42_Low_Male_L3_R1.fastq.gz in2=rawReads/Psi1_A42_Low_Male_L3_R2.fastq.gz out1=trimmedReads/Psi1_A42_Low_Male_L3_trim_R1.fastq.gz out2=trimmedReads/Psi1_A42_Low_Male_L3_trim_R2.fastq.gz ref=refs/adapters.fa ktrim=r k=23 mink=11 hdist=1 tpe tbo threads=20 trimpolyg=1 trimpolya=1
Executing jgi.BBDuk [-Xmx3g, in1=rawReads/Psi1_A42_Low_Male_L3_R1.fastq.gz, in2=rawReads/Psi1_A42_Low_Male_L3_R2.fastq.gz, out1=trimmedReads/Psi1_A42_Low_Male_L3_trim_R1.fastq.gz, out2=trimmedReads/Psi1_A42_Low_Male_L3_trim_R2.fastq.gz, ref=refs/adapters.fa, ktrim=r, k=23, mink=11, hdist=1, tpe, tbo, threads=20, trimpolyg=1, trimpolya=1]
Version 39.01

Set threads to 20
maskMiddle was disabled because useShortKmers=true
0.098 seconds.
Initial:
Memory: max=3221m, total=3221m, free=3193m, used=28m

Added 3614 kmers; time: 	0.122 seconds.
Memory: max=3221m, total=3221m, free=3184m, used=37m

Input is being processed as paired
Started output streams:	0.271 seconds.
Processing time:   		250.681 seconds.

Input:                  	123456892 reads 		12469146092 bases.
Polymer-trimmed:        	183303901 reads (148.48%) 	340042252 bases (2.73%)
KTrimmed:               	5192812 reads (4.21%) 	191757370 bases (1.54%)
Trimmed by overlap:     	3819584 reads (3.09%) 	20156860 bases (0.16%)
Total Removed:          	1018542 reads (0.83%) 	551956482 bases (4.43%)
Result:                 	122438350 reads (99.17%) 	11917189610 bases (95.57%)

Time:                         	251.075 seconds.
Reads Processed:        123m 	491.71k reads/sec
Bases Processed:      12469m 	49.66m bases/sec
[Thu May 16 13:14:24 2024]
Finished job 0.
1 of 1 steps (100%) done
