Building DAG of jobs...
Using shell: /usr/bin/bash
Provided cores: 10
Rules claiming more threads will be scaled down.
Provided resources: mem_mb=13238, mem_mib=12625, disk_mb=13238, disk_mib=12625
Select jobs to execute...

[Thu May 16 12:59:25 2024]
rule trim_bbduk:
    input: rawReads/Psi1_A46_Low_Female_L4_R1.fastq.gz, rawReads/Psi1_A46_Low_Female_L4_R2.fastq.gz
    output: trimmedReads/Psi1_A46_Low_Female_L4_trim_R1.fastq.gz, trimmedReads/Psi1_A46_Low_Female_L4_trim_R2.fastq.gz
    jobid: 0
    reason: Forced execution
    wildcards: sample=Psi1_A46_Low_Female_L4
    resources: mem_mb=13238, mem_mib=12625, disk_mb=13238, disk_mib=12625, tmpdir=/tmp

java -ea -Xmx3g -Xms3g -cp /research/labs/neurology/fryer/m214960/tools/miniconda3/envs/psilo/opt/bbmap-39.01-1/current/ jgi.BBDuk -Xmx3g in1=rawReads/Psi1_A46_Low_Female_L4_R1.fastq.gz in2=rawReads/Psi1_A46_Low_Female_L4_R2.fastq.gz out1=trimmedReads/Psi1_A46_Low_Female_L4_trim_R1.fastq.gz out2=trimmedReads/Psi1_A46_Low_Female_L4_trim_R2.fastq.gz ref=refs/adapters.fa ktrim=r k=23 mink=11 hdist=1 tpe tbo threads=20 trimpolyg=1 trimpolya=1
Executing jgi.BBDuk [-Xmx3g, in1=rawReads/Psi1_A46_Low_Female_L4_R1.fastq.gz, in2=rawReads/Psi1_A46_Low_Female_L4_R2.fastq.gz, out1=trimmedReads/Psi1_A46_Low_Female_L4_trim_R1.fastq.gz, out2=trimmedReads/Psi1_A46_Low_Female_L4_trim_R2.fastq.gz, ref=refs/adapters.fa, ktrim=r, k=23, mink=11, hdist=1, tpe, tbo, threads=20, trimpolyg=1, trimpolya=1]
Version 39.01

Set threads to 20
maskMiddle was disabled because useShortKmers=true
0.018 seconds.
Initial:
Memory: max=3221m, total=3221m, free=3193m, used=28m

Added 3614 kmers; time: 	0.019 seconds.
Memory: max=3221m, total=3221m, free=3185m, used=36m

Input is being processed as paired
Started output streams:	0.367 seconds.
Processing time:   		325.153 seconds.

Input:                  	122192872 reads 		12341480072 bases.
Polymer-trimmed:        	185090221 reads (151.47%) 	345362859 bases (2.80%)
KTrimmed:               	5181042 reads (4.24%) 	179323892 bases (1.45%)
Trimmed by overlap:     	3978580 reads (3.26%) 	20939794 bases (0.17%)
Total Removed:          	870442 reads (0.71%) 	545626545 bases (4.42%)
Result:                 	121322430 reads (99.29%) 	11795853527 bases (95.58%)

Time:                         	325.541 seconds.
Reads Processed:        122m 	375.35k reads/sec
Bases Processed:      12341m 	37.91m bases/sec
[Thu May 16 13:04:51 2024]
Finished job 0.
1 of 1 steps (100%) done
