Building DAG of jobs...
Using shell: /usr/bin/bash
Provided cores: 10
Rules claiming more threads will be scaled down.
Provided resources: mem_mb=15275, mem_mib=14568, disk_mb=15275, disk_mib=14568
Select jobs to execute...

[Thu May 16 13:04:25 2024]
rule trim_bbduk:
    input: rawReads/Psi1_A16_Low_Female_L3_R1.fastq.gz, rawReads/Psi1_A16_Low_Female_L3_R2.fastq.gz
    output: trimmedReads/Psi1_A16_Low_Female_L3_trim_R1.fastq.gz, trimmedReads/Psi1_A16_Low_Female_L3_trim_R2.fastq.gz
    jobid: 0
    reason: Forced execution
    wildcards: sample=Psi1_A16_Low_Female_L3
    resources: mem_mb=15275, mem_mib=14568, disk_mb=15275, disk_mib=14568, tmpdir=/tmp

java -ea -Xmx3g -Xms3g -cp /research/labs/neurology/fryer/m214960/tools/miniconda3/envs/psilo/opt/bbmap-39.01-1/current/ jgi.BBDuk -Xmx3g in1=rawReads/Psi1_A16_Low_Female_L3_R1.fastq.gz in2=rawReads/Psi1_A16_Low_Female_L3_R2.fastq.gz out1=trimmedReads/Psi1_A16_Low_Female_L3_trim_R1.fastq.gz out2=trimmedReads/Psi1_A16_Low_Female_L3_trim_R2.fastq.gz ref=refs/adapters.fa ktrim=r k=23 mink=11 hdist=1 tpe tbo threads=20 trimpolyg=1 trimpolya=1
Executing jgi.BBDuk [-Xmx3g, in1=rawReads/Psi1_A16_Low_Female_L3_R1.fastq.gz, in2=rawReads/Psi1_A16_Low_Female_L3_R2.fastq.gz, out1=trimmedReads/Psi1_A16_Low_Female_L3_trim_R1.fastq.gz, out2=trimmedReads/Psi1_A16_Low_Female_L3_trim_R2.fastq.gz, ref=refs/adapters.fa, ktrim=r, k=23, mink=11, hdist=1, tpe, tbo, threads=20, trimpolyg=1, trimpolya=1]
Version 39.01

Set threads to 20
maskMiddle was disabled because useShortKmers=true
0.020 seconds.
Initial:
Memory: max=3221m, total=3221m, free=3193m, used=28m

Added 3614 kmers; time: 	0.020 seconds.
Memory: max=3221m, total=3221m, free=3185m, used=36m

Input is being processed as paired
Started output streams:	0.247 seconds.
Processing time:   		335.537 seconds.

Input:                  	141646680 reads 		14306314680 bases.
Polymer-trimmed:        	210252891 reads (148.43%) 	389491953 bases (2.72%)
KTrimmed:               	5656382 reads (3.99%) 	202201874 bases (1.41%)
Trimmed by overlap:     	4213998 reads (2.98%) 	22153532 bases (0.15%)
Total Removed:          	1023530 reads (0.72%) 	613847359 bases (4.29%)
Result:                 	140623150 reads (99.28%) 	13692467321 bases (95.71%)

Time:                         	335.805 seconds.
Reads Processed:        141m 	421.81k reads/sec
Bases Processed:      14306m 	42.60m bases/sec
[Thu May 16 13:10:03 2024]
Finished job 0.
1 of 1 steps (100%) done
