Building DAG of jobs...
Using shell: /usr/bin/bash
Provided cores: 10
Rules claiming more threads will be scaled down.
Provided resources: mem_mb=14270, mem_mib=13609, disk_mb=14270, disk_mib=13609
Select jobs to execute...

[Thu May 16 13:10:25 2024]
rule trim_bbduk:
    input: rawReads/Psi1_A83_NS_Male_L4_R1.fastq.gz, rawReads/Psi1_A83_NS_Male_L4_R2.fastq.gz
    output: trimmedReads/Psi1_A83_NS_Male_L4_trim_R1.fastq.gz, trimmedReads/Psi1_A83_NS_Male_L4_trim_R2.fastq.gz
    jobid: 0
    reason: Forced execution
    wildcards: sample=Psi1_A83_NS_Male_L4
    resources: mem_mb=14270, mem_mib=13609, disk_mb=14270, disk_mib=13609, tmpdir=/tmp

java -ea -Xmx3g -Xms3g -cp /research/labs/neurology/fryer/m214960/tools/miniconda3/envs/psilo/opt/bbmap-39.01-1/current/ jgi.BBDuk -Xmx3g in1=rawReads/Psi1_A83_NS_Male_L4_R1.fastq.gz in2=rawReads/Psi1_A83_NS_Male_L4_R2.fastq.gz out1=trimmedReads/Psi1_A83_NS_Male_L4_trim_R1.fastq.gz out2=trimmedReads/Psi1_A83_NS_Male_L4_trim_R2.fastq.gz ref=refs/adapters.fa ktrim=r k=23 mink=11 hdist=1 tpe tbo threads=20 trimpolyg=1 trimpolya=1
Executing jgi.BBDuk [-Xmx3g, in1=rawReads/Psi1_A83_NS_Male_L4_R1.fastq.gz, in2=rawReads/Psi1_A83_NS_Male_L4_R2.fastq.gz, out1=trimmedReads/Psi1_A83_NS_Male_L4_trim_R1.fastq.gz, out2=trimmedReads/Psi1_A83_NS_Male_L4_trim_R2.fastq.gz, ref=refs/adapters.fa, ktrim=r, k=23, mink=11, hdist=1, tpe, tbo, threads=20, trimpolyg=1, trimpolya=1]
Version 39.01

Set threads to 20
maskMiddle was disabled because useShortKmers=true
0.020 seconds.
Initial:
Memory: max=3221m, total=3221m, free=3193m, used=28m

Added 3614 kmers; time: 	0.022 seconds.
Memory: max=3221m, total=3221m, free=3184m, used=37m

Input is being processed as paired
Started output streams:	0.255 seconds.
Processing time:   		335.292 seconds.

Input:                  	131981680 reads 		13330149680 bases.
Polymer-trimmed:        	198717083 reads (150.56%) 	369319553 bases (2.77%)
KTrimmed:               	5885280 reads (4.46%) 	259079694 bases (1.94%)
Trimmed by overlap:     	3845072 reads (2.91%) 	20124728 bases (0.15%)
Total Removed:          	1654226 reads (1.25%) 	648523975 bases (4.87%)
Result:                 	130327454 reads (98.75%) 	12681625705 bases (95.13%)

Time:                         	335.570 seconds.
Reads Processed:        131m 	393.31k reads/sec
Bases Processed:      13330m 	39.72m bases/sec
[Thu May 16 13:16:02 2024]
Finished job 0.
1 of 1 steps (100%) done
