Building DAG of jobs...
Using shell: /usr/bin/bash
Provided cores: 10
Rules claiming more threads will be scaled down.
Provided resources: mem_mb=13084, mem_mib=12478, disk_mb=13084, disk_mib=12478
Select jobs to execute...

[Thu May 16 12:53:24 2024]
rule trim_bbduk:
    input: rawReads/Psi1_A49_Low_Female_L4_R1.fastq.gz, rawReads/Psi1_A49_Low_Female_L4_R2.fastq.gz
    output: trimmedReads/Psi1_A49_Low_Female_L4_trim_R1.fastq.gz, trimmedReads/Psi1_A49_Low_Female_L4_trim_R2.fastq.gz
    jobid: 0
    reason: Forced execution
    wildcards: sample=Psi1_A49_Low_Female_L4
    resources: mem_mb=13084, mem_mib=12478, disk_mb=13084, disk_mib=12478, tmpdir=/tmp

java -ea -Xmx3g -Xms3g -cp /research/labs/neurology/fryer/m214960/tools/miniconda3/envs/psilo/opt/bbmap-39.01-1/current/ jgi.BBDuk -Xmx3g in1=rawReads/Psi1_A49_Low_Female_L4_R1.fastq.gz in2=rawReads/Psi1_A49_Low_Female_L4_R2.fastq.gz out1=trimmedReads/Psi1_A49_Low_Female_L4_trim_R1.fastq.gz out2=trimmedReads/Psi1_A49_Low_Female_L4_trim_R2.fastq.gz ref=refs/adapters.fa ktrim=r k=23 mink=11 hdist=1 tpe tbo threads=20 trimpolyg=1 trimpolya=1
Executing jgi.BBDuk [-Xmx3g, in1=rawReads/Psi1_A49_Low_Female_L4_R1.fastq.gz, in2=rawReads/Psi1_A49_Low_Female_L4_R2.fastq.gz, out1=trimmedReads/Psi1_A49_Low_Female_L4_trim_R1.fastq.gz, out2=trimmedReads/Psi1_A49_Low_Female_L4_trim_R2.fastq.gz, ref=refs/adapters.fa, ktrim=r, k=23, mink=11, hdist=1, tpe, tbo, threads=20, trimpolyg=1, trimpolya=1]
Version 39.01

Set threads to 20
maskMiddle was disabled because useShortKmers=true
0.018 seconds.
Initial:
Memory: max=3221m, total=3221m, free=3193m, used=28m

Added 3614 kmers; time: 	0.020 seconds.
Memory: max=3221m, total=3221m, free=3184m, used=37m

Input is being processed as paired
Started output streams:	0.197 seconds.
Processing time:   		330.689 seconds.

Input:                  	120266254 reads 		12146891654 bases.
Polymer-trimmed:        	175264312 reads (145.73%) 	324831503 bases (2.67%)
KTrimmed:               	6101712 reads (5.07%) 	258570382 bases (2.13%)
Trimmed by overlap:     	3892766 reads (3.24%) 	20450290 bases (0.17%)
Total Removed:          	1589014 reads (1.32%) 	603852175 bases (4.97%)
Result:                 	118677240 reads (98.68%) 	11543039479 bases (95.03%)

Time:                         	330.909 seconds.
Reads Processed:        120m 	363.44k reads/sec
Bases Processed:      12146m 	36.71m bases/sec
[Thu May 16 12:58:56 2024]
Finished job 0.
1 of 1 steps (100%) done
