Building DAG of jobs...
Using shell: /usr/bin/bash
Provided cores: 10
Rules claiming more threads will be scaled down.
Provided resources: mem_mb=13315, mem_mib=12699, disk_mb=13315, disk_mib=12699
Select jobs to execute...

[Thu May 16 13:04:25 2024]
rule trim_bbduk:
    input: rawReads/Psi1_A25_NS_Male_L3_R1.fastq.gz, rawReads/Psi1_A25_NS_Male_L3_R2.fastq.gz
    output: trimmedReads/Psi1_A25_NS_Male_L3_trim_R1.fastq.gz, trimmedReads/Psi1_A25_NS_Male_L3_trim_R2.fastq.gz
    jobid: 0
    reason: Forced execution
    wildcards: sample=Psi1_A25_NS_Male_L3
    resources: mem_mb=13315, mem_mib=12699, disk_mb=13315, disk_mib=12699, tmpdir=/tmp

java -ea -Xmx3g -Xms3g -cp /research/labs/neurology/fryer/m214960/tools/miniconda3/envs/psilo/opt/bbmap-39.01-1/current/ jgi.BBDuk -Xmx3g in1=rawReads/Psi1_A25_NS_Male_L3_R1.fastq.gz in2=rawReads/Psi1_A25_NS_Male_L3_R2.fastq.gz out1=trimmedReads/Psi1_A25_NS_Male_L3_trim_R1.fastq.gz out2=trimmedReads/Psi1_A25_NS_Male_L3_trim_R2.fastq.gz ref=refs/adapters.fa ktrim=r k=23 mink=11 hdist=1 tpe tbo threads=20 trimpolyg=1 trimpolya=1
Executing jgi.BBDuk [-Xmx3g, in1=rawReads/Psi1_A25_NS_Male_L3_R1.fastq.gz, in2=rawReads/Psi1_A25_NS_Male_L3_R2.fastq.gz, out1=trimmedReads/Psi1_A25_NS_Male_L3_trim_R1.fastq.gz, out2=trimmedReads/Psi1_A25_NS_Male_L3_trim_R2.fastq.gz, ref=refs/adapters.fa, ktrim=r, k=23, mink=11, hdist=1, tpe, tbo, threads=20, trimpolyg=1, trimpolya=1]
Version 39.01

Set threads to 20
maskMiddle was disabled because useShortKmers=true
0.021 seconds.
Initial:
Memory: max=3221m, total=3221m, free=3193m, used=28m

Added 3614 kmers; time: 	0.019 seconds.
Memory: max=3221m, total=3221m, free=3185m, used=36m

Input is being processed as paired
Started output streams:	0.198 seconds.
Processing time:   		330.845 seconds.

Input:                  	123043710 reads 		12427414710 bases.
Polymer-trimmed:        	183447415 reads (149.09%) 	340673321 bases (2.74%)
KTrimmed:               	4533834 reads (3.68%) 	152983228 bases (1.23%)
Trimmed by overlap:     	3817082 reads (3.10%) 	19889334 bases (0.16%)
Total Removed:          	734492 reads (0.60%) 	513545883 bases (4.13%)
Result:                 	122309218 reads (99.40%) 	11913868827 bases (95.87%)

Time:                         	331.063 seconds.
Reads Processed:        123m 	371.66k reads/sec
Bases Processed:      12427m 	37.54m bases/sec
[Thu May 16 13:09:58 2024]
Finished job 0.
1 of 1 steps (100%) done
