Building DAG of jobs...
Using shell: /usr/bin/bash
Provided cores: 10
Rules claiming more threads will be scaled down.
Provided resources: mem_mb=12548, mem_mib=11967, disk_mb=12548, disk_mib=11967
Select jobs to execute...

[Thu May 16 12:59:25 2024]
rule trim_bbduk:
    input: rawReads/Psi1_A68_High_Female_L4_R1.fastq.gz, rawReads/Psi1_A68_High_Female_L4_R2.fastq.gz
    output: trimmedReads/Psi1_A68_High_Female_L4_trim_R1.fastq.gz, trimmedReads/Psi1_A68_High_Female_L4_trim_R2.fastq.gz
    jobid: 0
    reason: Forced execution
    wildcards: sample=Psi1_A68_High_Female_L4
    resources: mem_mb=12548, mem_mib=11967, disk_mb=12548, disk_mib=11967, tmpdir=/tmp

java -ea -Xmx3g -Xms3g -cp /research/labs/neurology/fryer/m214960/tools/miniconda3/envs/psilo/opt/bbmap-39.01-1/current/ jgi.BBDuk -Xmx3g in1=rawReads/Psi1_A68_High_Female_L4_R1.fastq.gz in2=rawReads/Psi1_A68_High_Female_L4_R2.fastq.gz out1=trimmedReads/Psi1_A68_High_Female_L4_trim_R1.fastq.gz out2=trimmedReads/Psi1_A68_High_Female_L4_trim_R2.fastq.gz ref=refs/adapters.fa ktrim=r k=23 mink=11 hdist=1 tpe tbo threads=20 trimpolyg=1 trimpolya=1
Executing jgi.BBDuk [-Xmx3g, in1=rawReads/Psi1_A68_High_Female_L4_R1.fastq.gz, in2=rawReads/Psi1_A68_High_Female_L4_R2.fastq.gz, out1=trimmedReads/Psi1_A68_High_Female_L4_trim_R1.fastq.gz, out2=trimmedReads/Psi1_A68_High_Female_L4_trim_R2.fastq.gz, ref=refs/adapters.fa, ktrim=r, k=23, mink=11, hdist=1, tpe, tbo, threads=20, trimpolyg=1, trimpolya=1]
Version 39.01

Set threads to 20
maskMiddle was disabled because useShortKmers=true
0.021 seconds.
Initial:
Memory: max=3221m, total=3221m, free=3193m, used=28m

Added 3614 kmers; time: 	0.020 seconds.
Memory: max=3221m, total=3221m, free=3185m, used=36m

Input is being processed as paired
Started output streams:	0.510 seconds.
Processing time:   		310.052 seconds.

Input:                  	114532712 reads 		11567803912 bases.
Polymer-trimmed:        	165735405 reads (144.71%) 	303905837 bases (2.63%)
KTrimmed:               	3700220 reads (3.23%) 	120014956 bases (1.04%)
Trimmed by overlap:     	3073698 reads (2.68%) 	16063626 bases (0.14%)
Total Removed:          	516150 reads (0.45%) 	439984419 bases (3.80%)
Result:                 	114016562 reads (99.55%) 	11127819493 bases (96.20%)

Time:                         	310.583 seconds.
Reads Processed:        114m 	368.77k reads/sec
Bases Processed:      11567m 	37.25m bases/sec
[Thu May 16 13:04:36 2024]
Finished job 0.
1 of 1 steps (100%) done
