Building DAG of jobs...
Using shell: /usr/bin/bash
Provided cores: 10
Rules claiming more threads will be scaled down.
Provided resources: mem_mb=14004, mem_mib=13356, disk_mb=14004, disk_mib=13356
Select jobs to execute...

[Thu May 16 12:53:24 2024]
rule trim_bbduk:
    input: rawReads/Psi1_A72_Low_Male_L4_R1.fastq.gz, rawReads/Psi1_A72_Low_Male_L4_R2.fastq.gz
    output: trimmedReads/Psi1_A72_Low_Male_L4_trim_R1.fastq.gz, trimmedReads/Psi1_A72_Low_Male_L4_trim_R2.fastq.gz
    jobid: 0
    reason: Forced execution
    wildcards: sample=Psi1_A72_Low_Male_L4
    resources: mem_mb=14004, mem_mib=13356, disk_mb=14004, disk_mib=13356, tmpdir=/tmp

java -ea -Xmx3g -Xms3g -cp /research/labs/neurology/fryer/m214960/tools/miniconda3/envs/psilo/opt/bbmap-39.01-1/current/ jgi.BBDuk -Xmx3g in1=rawReads/Psi1_A72_Low_Male_L4_R1.fastq.gz in2=rawReads/Psi1_A72_Low_Male_L4_R2.fastq.gz out1=trimmedReads/Psi1_A72_Low_Male_L4_trim_R1.fastq.gz out2=trimmedReads/Psi1_A72_Low_Male_L4_trim_R2.fastq.gz ref=refs/adapters.fa ktrim=r k=23 mink=11 hdist=1 tpe tbo threads=20 trimpolyg=1 trimpolya=1
Executing jgi.BBDuk [-Xmx3g, in1=rawReads/Psi1_A72_Low_Male_L4_R1.fastq.gz, in2=rawReads/Psi1_A72_Low_Male_L4_R2.fastq.gz, out1=trimmedReads/Psi1_A72_Low_Male_L4_trim_R1.fastq.gz, out2=trimmedReads/Psi1_A72_Low_Male_L4_trim_R2.fastq.gz, ref=refs/adapters.fa, ktrim=r, k=23, mink=11, hdist=1, tpe, tbo, threads=20, trimpolyg=1, trimpolya=1]
Version 39.01

Set threads to 20
maskMiddle was disabled because useShortKmers=true
0.020 seconds.
Initial:
Memory: max=3221m, total=3221m, free=3193m, used=28m

Added 3614 kmers; time: 	0.019 seconds.
Memory: max=3221m, total=3221m, free=3184m, used=37m

Input is being processed as paired
Started output streams:	0.116 seconds.
Processing time:   		344.349 seconds.

Input:                  	129208024 reads 		13050010424 bases.
Polymer-trimmed:        	192995654 reads (149.37%) 	358394124 bases (2.75%)
KTrimmed:               	4498960 reads (3.48%) 	160416486 bases (1.23%)
Trimmed by overlap:     	3719942 reads (2.88%) 	19267392 bases (0.15%)
Total Removed:          	819010 reads (0.63%) 	538078002 bases (4.12%)
Result:                 	128389014 reads (99.37%) 	12511932422 bases (95.88%)

Time:                         	344.487 seconds.
Reads Processed:        129m 	375.07k reads/sec
Bases Processed:      13050m 	37.88m bases/sec
[Thu May 16 12:59:09 2024]
Finished job 0.
1 of 1 steps (100%) done
