Building DAG of jobs...
Using shell: /usr/bin/bash
Provided cores: 10
Rules claiming more threads will be scaled down.
Provided resources: mem_mb=13209, mem_mib=12598, disk_mb=13209, disk_mib=12598
Select jobs to execute...

[Thu May 16 12:53:49 2024]
rule trim_bbduk:
    input: rawReads/Psi1_A78_Low_Female_L4_R1.fastq.gz, rawReads/Psi1_A78_Low_Female_L4_R2.fastq.gz
    output: trimmedReads/Psi1_A78_Low_Female_L4_trim_R1.fastq.gz, trimmedReads/Psi1_A78_Low_Female_L4_trim_R2.fastq.gz
    jobid: 0
    reason: Forced execution
    wildcards: sample=Psi1_A78_Low_Female_L4
    resources: mem_mb=13209, mem_mib=12598, disk_mb=13209, disk_mib=12598, tmpdir=/tmp

java -ea -Xmx3g -Xms3g -cp /research/labs/neurology/fryer/m214960/tools/miniconda3/envs/psilo/opt/bbmap-39.01-1/current/ jgi.BBDuk -Xmx3g in1=rawReads/Psi1_A78_Low_Female_L4_R1.fastq.gz in2=rawReads/Psi1_A78_Low_Female_L4_R2.fastq.gz out1=trimmedReads/Psi1_A78_Low_Female_L4_trim_R1.fastq.gz out2=trimmedReads/Psi1_A78_Low_Female_L4_trim_R2.fastq.gz ref=refs/adapters.fa ktrim=r k=23 mink=11 hdist=1 tpe tbo threads=20 trimpolyg=1 trimpolya=1
Executing jgi.BBDuk [-Xmx3g, in1=rawReads/Psi1_A78_Low_Female_L4_R1.fastq.gz, in2=rawReads/Psi1_A78_Low_Female_L4_R2.fastq.gz, out1=trimmedReads/Psi1_A78_Low_Female_L4_trim_R1.fastq.gz, out2=trimmedReads/Psi1_A78_Low_Female_L4_trim_R2.fastq.gz, ref=refs/adapters.fa, ktrim=r, k=23, mink=11, hdist=1, tpe, tbo, threads=20, trimpolyg=1, trimpolya=1]
Version 39.01

Set threads to 20
maskMiddle was disabled because useShortKmers=true
0.018 seconds.
Initial:
Memory: max=3221m, total=3221m, free=3193m, used=28m

Added 3614 kmers; time: 	0.024 seconds.
Memory: max=3221m, total=3221m, free=3184m, used=37m

Input is being processed as paired
Started output streams:	0.149 seconds.
Processing time:   		316.196 seconds.

Input:                  	122111244 reads 		12333235644 bases.
Polymer-trimmed:        	184333677 reads (150.96%) 	343835798 bases (2.79%)
KTrimmed:               	5492630 reads (4.50%) 	211333678 bases (1.71%)
Trimmed by overlap:     	3827386 reads (3.13%) 	20137438 bases (0.16%)
Total Removed:          	1149426 reads (0.94%) 	575306914 bases (4.66%)
Result:                 	120961818 reads (99.06%) 	11757928730 bases (95.34%)

Time:                         	316.372 seconds.
Reads Processed:        122m 	385.97k reads/sec
Bases Processed:      12333m 	38.98m bases/sec
[Thu May 16 12:59:06 2024]
Finished job 0.
1 of 1 steps (100%) done
