Building DAG of jobs...
Using shell: /usr/bin/bash
Provided cores: 10
Rules claiming more threads will be scaled down.
Provided resources: mem_mb=11637, mem_mib=11098, disk_mb=11637, disk_mib=11098
Select jobs to execute...

[Thu May 16 12:53:24 2024]
rule trim_bbduk:
    input: rawReads/Psi1_A18_Low_Female_L3_R1.fastq.gz, rawReads/Psi1_A18_Low_Female_L3_R2.fastq.gz
    output: trimmedReads/Psi1_A18_Low_Female_L3_trim_R1.fastq.gz, trimmedReads/Psi1_A18_Low_Female_L3_trim_R2.fastq.gz
    jobid: 0
    reason: Forced execution
    wildcards: sample=Psi1_A18_Low_Female_L3
    resources: mem_mb=11637, mem_mib=11098, disk_mb=11637, disk_mib=11098, tmpdir=/tmp

java -ea -Xmx3g -Xms3g -cp /research/labs/neurology/fryer/m214960/tools/miniconda3/envs/psilo/opt/bbmap-39.01-1/current/ jgi.BBDuk -Xmx3g in1=rawReads/Psi1_A18_Low_Female_L3_R1.fastq.gz in2=rawReads/Psi1_A18_Low_Female_L3_R2.fastq.gz out1=trimmedReads/Psi1_A18_Low_Female_L3_trim_R1.fastq.gz out2=trimmedReads/Psi1_A18_Low_Female_L3_trim_R2.fastq.gz ref=refs/adapters.fa ktrim=r k=23 mink=11 hdist=1 tpe tbo threads=20 trimpolyg=1 trimpolya=1
Executing jgi.BBDuk [-Xmx3g, in1=rawReads/Psi1_A18_Low_Female_L3_R1.fastq.gz, in2=rawReads/Psi1_A18_Low_Female_L3_R2.fastq.gz, out1=trimmedReads/Psi1_A18_Low_Female_L3_trim_R1.fastq.gz, out2=trimmedReads/Psi1_A18_Low_Female_L3_trim_R2.fastq.gz, ref=refs/adapters.fa, ktrim=r, k=23, mink=11, hdist=1, tpe, tbo, threads=20, trimpolyg=1, trimpolya=1]
Version 39.01

Set threads to 20
maskMiddle was disabled because useShortKmers=true
0.021 seconds.
Initial:
Memory: max=3221m, total=3221m, free=3193m, used=28m

Added 3614 kmers; time: 	0.020 seconds.
Memory: max=3221m, total=3221m, free=3185m, used=36m

Input is being processed as paired
Started output streams:	0.159 seconds.
Processing time:   		291.393 seconds.

Input:                  	107494622 reads 		10856956822 bases.
Polymer-trimmed:        	159211428 reads (148.11%) 	296069989 bases (2.73%)
KTrimmed:               	4198526 reads (3.91%) 	129856158 bases (1.20%)
Trimmed by overlap:     	3371988 reads (3.14%) 	17897142 bases (0.16%)
Total Removed:          	529340 reads (0.49%) 	443823289 bases (4.09%)
Result:                 	106965282 reads (99.51%) 	10413133533 bases (95.91%)

Time:                         	291.573 seconds.
Reads Processed:        107m 	368.67k reads/sec
Bases Processed:      10856m 	37.24m bases/sec
[Thu May 16 12:58:17 2024]
Finished job 0.
1 of 1 steps (100%) done
