Building DAG of jobs...
Using shell: /usr/bin/bash
Provided cores: 10
Rules claiming more threads will be scaled down.
Provided resources: mem_mb=11261, mem_mib=10740, disk_mb=11261, disk_mib=10740
Select jobs to execute...

[Thu May 16 13:03:49 2024]
rule trim_bbduk:
    input: rawReads/Psi1_A89_NS_Female_L4_R1.fastq.gz, rawReads/Psi1_A89_NS_Female_L4_R2.fastq.gz
    output: trimmedReads/Psi1_A89_NS_Female_L4_trim_R1.fastq.gz, trimmedReads/Psi1_A89_NS_Female_L4_trim_R2.fastq.gz
    jobid: 0
    reason: Forced execution
    wildcards: sample=Psi1_A89_NS_Female_L4
    resources: mem_mb=11261, mem_mib=10740, disk_mb=11261, disk_mib=10740, tmpdir=/tmp

java -ea -Xmx3g -Xms3g -cp /research/labs/neurology/fryer/m214960/tools/miniconda3/envs/psilo/opt/bbmap-39.01-1/current/ jgi.BBDuk -Xmx3g in1=rawReads/Psi1_A89_NS_Female_L4_R1.fastq.gz in2=rawReads/Psi1_A89_NS_Female_L4_R2.fastq.gz out1=trimmedReads/Psi1_A89_NS_Female_L4_trim_R1.fastq.gz out2=trimmedReads/Psi1_A89_NS_Female_L4_trim_R2.fastq.gz ref=refs/adapters.fa ktrim=r k=23 mink=11 hdist=1 tpe tbo threads=20 trimpolyg=1 trimpolya=1
Executing jgi.BBDuk [-Xmx3g, in1=rawReads/Psi1_A89_NS_Female_L4_R1.fastq.gz, in2=rawReads/Psi1_A89_NS_Female_L4_R2.fastq.gz, out1=trimmedReads/Psi1_A89_NS_Female_L4_trim_R1.fastq.gz, out2=trimmedReads/Psi1_A89_NS_Female_L4_trim_R2.fastq.gz, ref=refs/adapters.fa, ktrim=r, k=23, mink=11, hdist=1, tpe, tbo, threads=20, trimpolyg=1, trimpolya=1]
Version 39.01

Set threads to 20
maskMiddle was disabled because useShortKmers=true
0.021 seconds.
Initial:
Memory: max=3221m, total=3221m, free=3193m, used=28m

Added 3614 kmers; time: 	0.021 seconds.
Memory: max=3221m, total=3221m, free=3184m, used=37m

Input is being processed as paired
Started output streams:	0.175 seconds.
Processing time:   		268.644 seconds.

Input:                  	103366964 reads 		10440063364 bases.
Polymer-trimmed:        	151416692 reads (146.48%) 	280465533 bases (2.69%)
KTrimmed:               	3750974 reads (3.63%) 	116629430 bases (1.12%)
Trimmed by overlap:     	2873280 reads (2.78%) 	15212878 bases (0.15%)
Total Removed:          	454466 reads (0.44%) 	412307841 bases (3.95%)
Result:                 	102912498 reads (99.56%) 	10027755523 bases (96.05%)

Time:                         	268.841 seconds.
Reads Processed:        103m 	384.49k reads/sec
Bases Processed:      10440m 	38.83m bases/sec
[Thu May 16 13:08:19 2024]
Finished job 0.
1 of 1 steps (100%) done
