Building DAG of jobs...
Using shell: /usr/bin/bash
Provided cores: 10
Rules claiming more threads will be scaled down.
Provided resources: mem_mb=15004, mem_mib=14309, disk_mb=15004, disk_mib=14309
Select jobs to execute...

[Thu May 16 12:59:25 2024]
rule trim_bbduk:
    input: rawReads/Psi1_A22_NS_Male_L3_R1.fastq.gz, rawReads/Psi1_A22_NS_Male_L3_R2.fastq.gz
    output: trimmedReads/Psi1_A22_NS_Male_L3_trim_R1.fastq.gz, trimmedReads/Psi1_A22_NS_Male_L3_trim_R2.fastq.gz
    jobid: 0
    reason: Forced execution
    wildcards: sample=Psi1_A22_NS_Male_L3
    resources: mem_mb=15004, mem_mib=14309, disk_mb=15004, disk_mib=14309, tmpdir=/tmp

java -ea -Xmx3g -Xms3g -cp /research/labs/neurology/fryer/m214960/tools/miniconda3/envs/psilo/opt/bbmap-39.01-1/current/ jgi.BBDuk -Xmx3g in1=rawReads/Psi1_A22_NS_Male_L3_R1.fastq.gz in2=rawReads/Psi1_A22_NS_Male_L3_R2.fastq.gz out1=trimmedReads/Psi1_A22_NS_Male_L3_trim_R1.fastq.gz out2=trimmedReads/Psi1_A22_NS_Male_L3_trim_R2.fastq.gz ref=refs/adapters.fa ktrim=r k=23 mink=11 hdist=1 tpe tbo threads=20 trimpolyg=1 trimpolya=1
Executing jgi.BBDuk [-Xmx3g, in1=rawReads/Psi1_A22_NS_Male_L3_R1.fastq.gz, in2=rawReads/Psi1_A22_NS_Male_L3_R2.fastq.gz, out1=trimmedReads/Psi1_A22_NS_Male_L3_trim_R1.fastq.gz, out2=trimmedReads/Psi1_A22_NS_Male_L3_trim_R2.fastq.gz, ref=refs/adapters.fa, ktrim=r, k=23, mink=11, hdist=1, tpe, tbo, threads=20, trimpolyg=1, trimpolya=1]
Version 39.01

Set threads to 20
maskMiddle was disabled because useShortKmers=true
0.023 seconds.
Initial:
Memory: max=3221m, total=3221m, free=3193m, used=28m

Added 3614 kmers; time: 	0.022 seconds.
Memory: max=3221m, total=3221m, free=3184m, used=37m

Input is being processed as paired
Started output streams:	0.314 seconds.
Processing time:   		367.839 seconds.

Input:                  	139007182 reads 		14039725382 bases.
Polymer-trimmed:        	202621549 reads (145.76%) 	374267726 bases (2.67%)
KTrimmed:               	4217790 reads (3.03%) 	127491512 bases (0.91%)
Trimmed by overlap:     	3735732 reads (2.69%) 	19634022 bases (0.14%)
Total Removed:          	518466 reads (0.37%) 	521393260 bases (3.71%)
Result:                 	138488716 reads (99.63%) 	13518332122 bases (96.29%)

Time:                         	368.179 seconds.
Reads Processed:        139m 	377.55k reads/sec
Bases Processed:      14039m 	38.13m bases/sec
[Thu May 16 13:05:34 2024]
Finished job 0.
1 of 1 steps (100%) done
