Building DAG of jobs...
Using shell: /usr/bin/bash
Provided cores: 10
Rules claiming more threads will be scaled down.
Provided resources: mem_mb=13053, mem_mib=12449, disk_mb=13053, disk_mib=12449
Select jobs to execute...

[Thu May 16 12:58:25 2024]
rule trim_bbduk:
    input: rawReads/Psi1_A7_High_Female_L3_R1.fastq.gz, rawReads/Psi1_A7_High_Female_L3_R2.fastq.gz
    output: trimmedReads/Psi1_A7_High_Female_L3_trim_R1.fastq.gz, trimmedReads/Psi1_A7_High_Female_L3_trim_R2.fastq.gz
    jobid: 0
    reason: Forced execution
    wildcards: sample=Psi1_A7_High_Female_L3
    resources: mem_mb=13053, mem_mib=12449, disk_mb=13053, disk_mib=12449, tmpdir=/tmp

java -ea -Xmx3g -Xms3g -cp /research/labs/neurology/fryer/m214960/tools/miniconda3/envs/psilo/opt/bbmap-39.01-1/current/ jgi.BBDuk -Xmx3g in1=rawReads/Psi1_A7_High_Female_L3_R1.fastq.gz in2=rawReads/Psi1_A7_High_Female_L3_R2.fastq.gz out1=trimmedReads/Psi1_A7_High_Female_L3_trim_R1.fastq.gz out2=trimmedReads/Psi1_A7_High_Female_L3_trim_R2.fastq.gz ref=refs/adapters.fa ktrim=r k=23 mink=11 hdist=1 tpe tbo threads=20 trimpolyg=1 trimpolya=1
Executing jgi.BBDuk [-Xmx3g, in1=rawReads/Psi1_A7_High_Female_L3_R1.fastq.gz, in2=rawReads/Psi1_A7_High_Female_L3_R2.fastq.gz, out1=trimmedReads/Psi1_A7_High_Female_L3_trim_R1.fastq.gz, out2=trimmedReads/Psi1_A7_High_Female_L3_trim_R2.fastq.gz, ref=refs/adapters.fa, ktrim=r, k=23, mink=11, hdist=1, tpe, tbo, threads=20, trimpolyg=1, trimpolya=1]
Version 39.01

Set threads to 20
maskMiddle was disabled because useShortKmers=true
0.020 seconds.
Initial:
Memory: max=3221m, total=3221m, free=3193m, used=28m

Added 3614 kmers; time: 	0.020 seconds.
Memory: max=3221m, total=3221m, free=3184m, used=37m

Input is being processed as paired
Started output streams:	0.142 seconds.
Processing time:   		318.013 seconds.

Input:                  	120900078 reads 		12210907878 bases.
Polymer-trimmed:        	175787889 reads (145.40%) 	325883809 bases (2.67%)
KTrimmed:               	5009444 reads (4.14%) 	209746044 bases (1.72%)
Trimmed by overlap:     	3093426 reads (2.56%) 	16442330 bases (0.13%)
Total Removed:          	1275750 reads (1.06%) 	552072183 bases (4.52%)
Result:                 	119624328 reads (98.94%) 	11658835695 bases (95.48%)

Time:                         	318.177 seconds.
Reads Processed:        120m 	379.98k reads/sec
Bases Processed:      12210m 	38.38m bases/sec
[Thu May 16 13:03:44 2024]
Finished job 0.
1 of 1 steps (100%) done
