Building DAG of jobs...
Using shell: /usr/bin/bash
Provided cores: 10
Rules claiming more threads will be scaled down.
Provided resources: mem_mb=11782, mem_mib=11237, disk_mb=11782, disk_mib=11237
Select jobs to execute...

[Thu May 16 12:56:11 2024]
rule trim_bbduk:
    input: rawReads/Psi1_A67_High_Female_L4_R1.fastq.gz, rawReads/Psi1_A67_High_Female_L4_R2.fastq.gz
    output: trimmedReads/Psi1_A67_High_Female_L4_trim_R1.fastq.gz, trimmedReads/Psi1_A67_High_Female_L4_trim_R2.fastq.gz
    jobid: 0
    reason: Forced execution
    wildcards: sample=Psi1_A67_High_Female_L4
    resources: mem_mb=11782, mem_mib=11237, disk_mb=11782, disk_mib=11237, tmpdir=/tmp

java -ea -Xmx3g -Xms3g -cp /research/labs/neurology/fryer/m214960/tools/miniconda3/envs/psilo/opt/bbmap-39.01-1/current/ jgi.BBDuk -Xmx3g in1=rawReads/Psi1_A67_High_Female_L4_R1.fastq.gz in2=rawReads/Psi1_A67_High_Female_L4_R2.fastq.gz out1=trimmedReads/Psi1_A67_High_Female_L4_trim_R1.fastq.gz out2=trimmedReads/Psi1_A67_High_Female_L4_trim_R2.fastq.gz ref=refs/adapters.fa ktrim=r k=23 mink=11 hdist=1 tpe tbo threads=20 trimpolyg=1 trimpolya=1
Executing jgi.BBDuk [-Xmx3g, in1=rawReads/Psi1_A67_High_Female_L4_R1.fastq.gz, in2=rawReads/Psi1_A67_High_Female_L4_R2.fastq.gz, out1=trimmedReads/Psi1_A67_High_Female_L4_trim_R1.fastq.gz, out2=trimmedReads/Psi1_A67_High_Female_L4_trim_R2.fastq.gz, ref=refs/adapters.fa, ktrim=r, k=23, mink=11, hdist=1, tpe, tbo, threads=20, trimpolyg=1, trimpolya=1]
Version 39.01

Set threads to 20
maskMiddle was disabled because useShortKmers=true
0.083 seconds.
Initial:
Memory: max=3221m, total=3221m, free=3193m, used=28m

Added 3614 kmers; time: 	0.288 seconds.
Memory: max=3221m, total=3221m, free=3184m, used=37m

Input is being processed as paired
Started output streams:	0.431 seconds.
Processing time:   		240.318 seconds.

Input:                  	107845964 reads 		10892442364 bases.
Polymer-trimmed:        	156543884 reads (145.16%) 	287862838 bases (2.64%)
KTrimmed:               	4153018 reads (3.85%) 	142902758 bases (1.31%)
Trimmed by overlap:     	3318358 reads (3.08%) 	17270474 bases (0.16%)
Total Removed:          	681254 reads (0.63%) 	448036070 bases (4.11%)
Result:                 	107164710 reads (99.37%) 	10444406294 bases (95.89%)

Time:                         	241.039 seconds.
Reads Processed:        107m 	447.42k reads/sec
Bases Processed:      10892m 	45.19m bases/sec
[Thu May 16 13:00:24 2024]
Finished job 0.
1 of 1 steps (100%) done
