Building DAG of jobs...
Using shell: /usr/bin/bash
Provided cores: 10
Rules claiming more threads will be scaled down.
Provided resources: mem_mb=12077, mem_mib=11518, disk_mb=12077, disk_mib=11518
Select jobs to execute...

[Thu May 16 12:57:41 2024]
rule trim_bbduk:
    input: rawReads/Psi1_A20_Low_Female_L3_R1.fastq.gz, rawReads/Psi1_A20_Low_Female_L3_R2.fastq.gz
    output: trimmedReads/Psi1_A20_Low_Female_L3_trim_R1.fastq.gz, trimmedReads/Psi1_A20_Low_Female_L3_trim_R2.fastq.gz
    jobid: 0
    reason: Forced execution
    wildcards: sample=Psi1_A20_Low_Female_L3
    resources: mem_mb=12077, mem_mib=11518, disk_mb=12077, disk_mib=11518, tmpdir=/tmp

java -ea -Xmx3g -Xms3g -cp /research/labs/neurology/fryer/m214960/tools/miniconda3/envs/psilo/opt/bbmap-39.01-1/current/ jgi.BBDuk -Xmx3g in1=rawReads/Psi1_A20_Low_Female_L3_R1.fastq.gz in2=rawReads/Psi1_A20_Low_Female_L3_R2.fastq.gz out1=trimmedReads/Psi1_A20_Low_Female_L3_trim_R1.fastq.gz out2=trimmedReads/Psi1_A20_Low_Female_L3_trim_R2.fastq.gz ref=refs/adapters.fa ktrim=r k=23 mink=11 hdist=1 tpe tbo threads=20 trimpolyg=1 trimpolya=1
Executing jgi.BBDuk [-Xmx3g, in1=rawReads/Psi1_A20_Low_Female_L3_R1.fastq.gz, in2=rawReads/Psi1_A20_Low_Female_L3_R2.fastq.gz, out1=trimmedReads/Psi1_A20_Low_Female_L3_trim_R1.fastq.gz, out2=trimmedReads/Psi1_A20_Low_Female_L3_trim_R2.fastq.gz, ref=refs/adapters.fa, ktrim=r, k=23, mink=11, hdist=1, tpe, tbo, threads=20, trimpolyg=1, trimpolya=1]
Version 39.01

Set threads to 20
maskMiddle was disabled because useShortKmers=true
0.260 seconds.
Initial:
Memory: max=3221m, total=3221m, free=3193m, used=28m

Added 3614 kmers; time: 	1.119 seconds.
Memory: max=3221m, total=3221m, free=3184m, used=37m

Input is being processed as paired
Started output streams:	0.594 seconds.
Processing time:   		210.858 seconds.

Input:                  	110209140 reads 		11131123140 bases.
Polymer-trimmed:        	155845423 reads (141.41%) 	284263898 bases (2.55%)
KTrimmed:               	3802798 reads (3.45%) 	134574662 bases (1.21%)
Trimmed by overlap:     	3120388 reads (2.83%) 	16302912 bases (0.15%)
Total Removed:          	699418 reads (0.63%) 	435141472 bases (3.91%)
Result:                 	109509722 reads (99.37%) 	10695981668 bases (96.09%)

Time:                         	212.573 seconds.
Reads Processed:        110m 	518.45k reads/sec
Bases Processed:      11131m 	52.36m bases/sec
[Thu May 16 13:01:27 2024]
Finished job 0.
1 of 1 steps (100%) done
