Building DAG of jobs...
Using shell: /usr/bin/bash
Provided cores: 10
Rules claiming more threads will be scaled down.
Provided resources: mem_mb=13045, mem_mib=12441, disk_mb=13045, disk_mib=12441
Select jobs to execute...

[Thu May 16 12:46:54 2024]
rule trim_bbduk:
    input: rawReads/Psi1_A11_Low_Male_L3_R1.fastq.gz, rawReads/Psi1_A11_Low_Male_L3_R2.fastq.gz
    output: trimmedReads/Psi1_A11_Low_Male_L3_trim_R1.fastq.gz, trimmedReads/Psi1_A11_Low_Male_L3_trim_R2.fastq.gz
    jobid: 0
    reason: Forced execution
    wildcards: sample=Psi1_A11_Low_Male_L3
    resources: mem_mb=13045, mem_mib=12441, disk_mb=13045, disk_mib=12441, tmpdir=/tmp

java -ea -Xmx3g -Xms3g -cp /research/labs/neurology/fryer/m214960/tools/miniconda3/envs/psilo/opt/bbmap-39.01-1/current/ jgi.BBDuk -Xmx3g in1=rawReads/Psi1_A11_Low_Male_L3_R1.fastq.gz in2=rawReads/Psi1_A11_Low_Male_L3_R2.fastq.gz out1=trimmedReads/Psi1_A11_Low_Male_L3_trim_R1.fastq.gz out2=trimmedReads/Psi1_A11_Low_Male_L3_trim_R2.fastq.gz ref=refs/adapters.fa ktrim=r k=23 mink=11 hdist=1 tpe tbo threads=20 trimpolyg=1 trimpolya=1
Executing jgi.BBDuk [-Xmx3g, in1=rawReads/Psi1_A11_Low_Male_L3_R1.fastq.gz, in2=rawReads/Psi1_A11_Low_Male_L3_R2.fastq.gz, out1=trimmedReads/Psi1_A11_Low_Male_L3_trim_R1.fastq.gz, out2=trimmedReads/Psi1_A11_Low_Male_L3_trim_R2.fastq.gz, ref=refs/adapters.fa, ktrim=r, k=23, mink=11, hdist=1, tpe, tbo, threads=20, trimpolyg=1, trimpolya=1]
Version 39.01

Set threads to 20
maskMiddle was disabled because useShortKmers=true
0.583 seconds.
Initial:
Memory: max=3221m, total=3221m, free=3193m, used=28m

Added 3614 kmers; time: 	0.904 seconds.
Memory: max=3221m, total=3221m, free=3185m, used=36m

Input is being processed as paired
Started output streams:	2.835 seconds.
Processing time:   		314.514 seconds.

Input:                  	121077938 reads 		12228871738 bases.
Polymer-trimmed:        	180883030 reads (149.39%) 	334396186 bases (2.73%)
KTrimmed:               	4040006 reads (3.34%) 	135882064 bases (1.11%)
Trimmed by overlap:     	3342864 reads (2.76%) 	17401696 bases (0.14%)
Total Removed:          	637052 reads (0.53%) 	487679946 bases (3.99%)
Result:                 	120440886 reads (99.47%) 	11741191792 bases (96.01%)

Time:                         	318.255 seconds.
Reads Processed:        121m 	380.44k reads/sec
Bases Processed:      12228m 	38.42m bases/sec
[Thu May 16 12:52:34 2024]
Finished job 0.
1 of 1 steps (100%) done
