Building DAG of jobs...
Using shell: /usr/bin/bash
Provided cores: 10
Rules claiming more threads will be scaled down.
Provided resources: mem_mb=13260, mem_mib=12646, disk_mb=13260, disk_mib=12646
Select jobs to execute...

[Thu May 16 13:09:48 2024]
rule trim_bbduk:
    input: rawReads/Psi1_A55_NS_Male_L4_R1.fastq.gz, rawReads/Psi1_A55_NS_Male_L4_R2.fastq.gz
    output: trimmedReads/Psi1_A55_NS_Male_L4_trim_R1.fastq.gz, trimmedReads/Psi1_A55_NS_Male_L4_trim_R2.fastq.gz
    jobid: 0
    reason: Forced execution
    wildcards: sample=Psi1_A55_NS_Male_L4
    resources: mem_mb=13260, mem_mib=12646, disk_mb=13260, disk_mib=12646, tmpdir=/tmp

java -ea -Xmx3g -Xms3g -cp /research/labs/neurology/fryer/m214960/tools/miniconda3/envs/psilo/opt/bbmap-39.01-1/current/ jgi.BBDuk -Xmx3g in1=rawReads/Psi1_A55_NS_Male_L4_R1.fastq.gz in2=rawReads/Psi1_A55_NS_Male_L4_R2.fastq.gz out1=trimmedReads/Psi1_A55_NS_Male_L4_trim_R1.fastq.gz out2=trimmedReads/Psi1_A55_NS_Male_L4_trim_R2.fastq.gz ref=refs/adapters.fa ktrim=r k=23 mink=11 hdist=1 tpe tbo threads=20 trimpolyg=1 trimpolya=1
Executing jgi.BBDuk [-Xmx3g, in1=rawReads/Psi1_A55_NS_Male_L4_R1.fastq.gz, in2=rawReads/Psi1_A55_NS_Male_L4_R2.fastq.gz, out1=trimmedReads/Psi1_A55_NS_Male_L4_trim_R1.fastq.gz, out2=trimmedReads/Psi1_A55_NS_Male_L4_trim_R2.fastq.gz, ref=refs/adapters.fa, ktrim=r, k=23, mink=11, hdist=1, tpe, tbo, threads=20, trimpolyg=1, trimpolya=1]
Version 39.01

Set threads to 20
maskMiddle was disabled because useShortKmers=true
0.018 seconds.
Initial:
Memory: max=3221m, total=3221m, free=3193m, used=28m

Added 3614 kmers; time: 	0.017 seconds.
Memory: max=3221m, total=3221m, free=3184m, used=37m

Input is being processed as paired
Started output streams:	0.178 seconds.
Processing time:   		230.990 seconds.

Input:                  	122307280 reads 		12353035280 bases.
Polymer-trimmed:        	182919750 reads (149.56%) 	340348119 bases (2.76%)
KTrimmed:               	4698420 reads (3.84%) 	154413288 bases (1.25%)
Trimmed by overlap:     	3662670 reads (2.99%) 	19301332 bases (0.16%)
Total Removed:          	676394 reads (0.55%) 	514062739 bases (4.16%)
Result:                 	121630886 reads (99.45%) 	11838972541 bases (95.84%)

Time:                         	231.186 seconds.
Reads Processed:        122m 	529.04k reads/sec
Bases Processed:      12353m 	53.43m bases/sec
[Thu May 16 13:13:41 2024]
Finished job 0.
1 of 1 steps (100%) done
