Building DAG of jobs...
Using shell: /usr/bin/bash
Provided cores: 10
Rules claiming more threads will be scaled down.
Provided resources: mem_mb=13362, mem_mib=12743, disk_mb=13362, disk_mib=12743
Select jobs to execute...

[Thu May 16 13:10:25 2024]
rule trim_bbduk:
    input: rawReads/Psi1_A45_Low_Male_L3_R1.fastq.gz, rawReads/Psi1_A45_Low_Male_L3_R2.fastq.gz
    output: trimmedReads/Psi1_A45_Low_Male_L3_trim_R1.fastq.gz, trimmedReads/Psi1_A45_Low_Male_L3_trim_R2.fastq.gz
    jobid: 0
    reason: Forced execution
    wildcards: sample=Psi1_A45_Low_Male_L3
    resources: mem_mb=13362, mem_mib=12743, disk_mb=13362, disk_mib=12743, tmpdir=/tmp

java -ea -Xmx3g -Xms3g -cp /research/labs/neurology/fryer/m214960/tools/miniconda3/envs/psilo/opt/bbmap-39.01-1/current/ jgi.BBDuk -Xmx3g in1=rawReads/Psi1_A45_Low_Male_L3_R1.fastq.gz in2=rawReads/Psi1_A45_Low_Male_L3_R2.fastq.gz out1=trimmedReads/Psi1_A45_Low_Male_L3_trim_R1.fastq.gz out2=trimmedReads/Psi1_A45_Low_Male_L3_trim_R2.fastq.gz ref=refs/adapters.fa ktrim=r k=23 mink=11 hdist=1 tpe tbo threads=20 trimpolyg=1 trimpolya=1
Executing jgi.BBDuk [-Xmx3g, in1=rawReads/Psi1_A45_Low_Male_L3_R1.fastq.gz, in2=rawReads/Psi1_A45_Low_Male_L3_R2.fastq.gz, out1=trimmedReads/Psi1_A45_Low_Male_L3_trim_R1.fastq.gz, out2=trimmedReads/Psi1_A45_Low_Male_L3_trim_R2.fastq.gz, ref=refs/adapters.fa, ktrim=r, k=23, mink=11, hdist=1, tpe, tbo, threads=20, trimpolyg=1, trimpolya=1]
Version 39.01

Set threads to 20
maskMiddle was disabled because useShortKmers=true
0.020 seconds.
Initial:
Memory: max=3221m, total=3221m, free=3193m, used=28m

Added 3614 kmers; time: 	0.021 seconds.
Memory: max=3221m, total=3221m, free=3184m, used=37m

Input is being processed as paired
Started output streams:	0.435 seconds.
Processing time:   		315.705 seconds.

Input:                  	122537958 reads 		12376333758 bases.
Polymer-trimmed:        	180460993 reads (147.27%) 	334471513 bases (2.70%)
KTrimmed:               	5752374 reads (4.69%) 	216105564 bases (1.75%)
Trimmed by overlap:     	4303352 reads (3.51%) 	22582542 bases (0.18%)
Total Removed:          	1192558 reads (0.97%) 	573159619 bases (4.63%)
Result:                 	121345400 reads (99.03%) 	11803174139 bases (95.37%)

Time:                         	316.163 seconds.
Reads Processed:        122m 	387.58k reads/sec
Bases Processed:      12376m 	39.15m bases/sec
[Thu May 16 13:15:42 2024]
Finished job 0.
1 of 1 steps (100%) done
