Building DAG of jobs...
Using shell: /usr/bin/bash
Provided cores: 10
Rules claiming more threads will be scaled down.
Provided resources: mem_mb=11594, mem_mib=11057, disk_mb=11594, disk_mib=11057
Select jobs to execute...

[Thu May 16 12:53:24 2024]
rule trim_bbduk:
    input: rawReads/Psi1_A79_Low_Female_L4_R1.fastq.gz, rawReads/Psi1_A79_Low_Female_L4_R2.fastq.gz
    output: trimmedReads/Psi1_A79_Low_Female_L4_trim_R1.fastq.gz, trimmedReads/Psi1_A79_Low_Female_L4_trim_R2.fastq.gz
    jobid: 0
    reason: Forced execution
    wildcards: sample=Psi1_A79_Low_Female_L4
    resources: mem_mb=11594, mem_mib=11057, disk_mb=11594, disk_mib=11057, tmpdir=/tmp

java -ea -Xmx3g -Xms3g -cp /research/labs/neurology/fryer/m214960/tools/miniconda3/envs/psilo/opt/bbmap-39.01-1/current/ jgi.BBDuk -Xmx3g in1=rawReads/Psi1_A79_Low_Female_L4_R1.fastq.gz in2=rawReads/Psi1_A79_Low_Female_L4_R2.fastq.gz out1=trimmedReads/Psi1_A79_Low_Female_L4_trim_R1.fastq.gz out2=trimmedReads/Psi1_A79_Low_Female_L4_trim_R2.fastq.gz ref=refs/adapters.fa ktrim=r k=23 mink=11 hdist=1 tpe tbo threads=20 trimpolyg=1 trimpolya=1
Executing jgi.BBDuk [-Xmx3g, in1=rawReads/Psi1_A79_Low_Female_L4_R1.fastq.gz, in2=rawReads/Psi1_A79_Low_Female_L4_R2.fastq.gz, out1=trimmedReads/Psi1_A79_Low_Female_L4_trim_R1.fastq.gz, out2=trimmedReads/Psi1_A79_Low_Female_L4_trim_R2.fastq.gz, ref=refs/adapters.fa, ktrim=r, k=23, mink=11, hdist=1, tpe, tbo, threads=20, trimpolyg=1, trimpolya=1]
Version 39.01

Set threads to 20
maskMiddle was disabled because useShortKmers=true
0.020 seconds.
Initial:
Memory: max=3221m, total=3221m, free=3193m, used=28m

Added 3614 kmers; time: 	0.019 seconds.
Memory: max=3221m, total=3221m, free=3184m, used=37m

Input is being processed as paired
Started output streams:	0.165 seconds.
Processing time:   		287.926 seconds.

Input:                  	105689420 reads 		10674631420 bases.
Polymer-trimmed:        	152999381 reads (144.76%) 	283054601 bases (2.65%)
KTrimmed:               	4701762 reads (4.45%) 	149954040 bases (1.40%)
Trimmed by overlap:     	3419856 reads (3.24%) 	18081568 bases (0.17%)
Total Removed:          	593190 reads (0.56%) 	451090209 bases (4.23%)
Result:                 	105096230 reads (99.44%) 	10223541211 bases (95.77%)

Time:                         	288.112 seconds.
Reads Processed:        105m 	366.83k reads/sec
Bases Processed:      10674m 	37.05m bases/sec
[Thu May 16 12:58:13 2024]
Finished job 0.
1 of 1 steps (100%) done
