Building DAG of jobs...
Using shell: /usr/bin/bash
Provided cores: 10
Rules claiming more threads will be scaled down.
Provided resources: mem_mb=11519, mem_mib=10986, disk_mb=11519, disk_mib=10986
Select jobs to execute...

[Thu May 16 12:46:54 2024]
rule trim_bbduk:
    input: rawReads/Psi1_A19_Low_Female_L3_R1.fastq.gz, rawReads/Psi1_A19_Low_Female_L3_R2.fastq.gz
    output: trimmedReads/Psi1_A19_Low_Female_L3_trim_R1.fastq.gz, trimmedReads/Psi1_A19_Low_Female_L3_trim_R2.fastq.gz
    jobid: 0
    reason: Forced execution
    wildcards: sample=Psi1_A19_Low_Female_L3
    resources: mem_mb=11519, mem_mib=10986, disk_mb=11519, disk_mib=10986, tmpdir=/tmp

java -ea -Xmx3g -Xms3g -cp /research/labs/neurology/fryer/m214960/tools/miniconda3/envs/psilo/opt/bbmap-39.01-1/current/ jgi.BBDuk -Xmx3g in1=rawReads/Psi1_A19_Low_Female_L3_R1.fastq.gz in2=rawReads/Psi1_A19_Low_Female_L3_R2.fastq.gz out1=trimmedReads/Psi1_A19_Low_Female_L3_trim_R1.fastq.gz out2=trimmedReads/Psi1_A19_Low_Female_L3_trim_R2.fastq.gz ref=refs/adapters.fa ktrim=r k=23 mink=11 hdist=1 tpe tbo threads=20 trimpolyg=1 trimpolya=1
Executing jgi.BBDuk [-Xmx3g, in1=rawReads/Psi1_A19_Low_Female_L3_R1.fastq.gz, in2=rawReads/Psi1_A19_Low_Female_L3_R2.fastq.gz, out1=trimmedReads/Psi1_A19_Low_Female_L3_trim_R1.fastq.gz, out2=trimmedReads/Psi1_A19_Low_Female_L3_trim_R2.fastq.gz, ref=refs/adapters.fa, ktrim=r, k=23, mink=11, hdist=1, tpe, tbo, threads=20, trimpolyg=1, trimpolya=1]
Version 39.01

Set threads to 20
maskMiddle was disabled because useShortKmers=true
0.584 seconds.
Initial:
Memory: max=3221m, total=3221m, free=3193m, used=28m

Added 3614 kmers; time: 	0.905 seconds.
Memory: max=3221m, total=3221m, free=3184m, used=37m

Input is being processed as paired
Started output streams:	1.166 seconds.
Processing time:   		204.452 seconds.

Input:                  	106574530 reads 		10764027530 bases.
Polymer-trimmed:        	157943461 reads (148.20%) 	291528863 bases (2.71%)
KTrimmed:               	3688008 reads (3.46%) 	124809364 bases (1.16%)
Trimmed by overlap:     	3301952 reads (3.10%) 	17049034 bases (0.16%)
Total Removed:          	617362 reads (0.58%) 	433387261 bases (4.03%)
Result:                 	105957168 reads (99.42%) 	10330640269 bases (95.97%)

Time:                         	206.525 seconds.
Reads Processed:        106m 	516.04k reads/sec
Bases Processed:      10764m 	52.12m bases/sec
[Thu May 16 12:50:56 2024]
Finished job 0.
1 of 1 steps (100%) done
