Building DAG of jobs...
Using shell: /usr/bin/bash
Provided cores: 10
Rules claiming more threads will be scaled down.
Provided resources: mem_mb=13953, mem_mib=13307, disk_mb=13953, disk_mib=13307
Select jobs to execute...

[Thu May 16 12:52:06 2024]
rule trim_bbduk:
    input: rawReads/Psi1_A1_High_Male_L3_R1.fastq.gz, rawReads/Psi1_A1_High_Male_L3_R2.fastq.gz
    output: trimmedReads/Psi1_A1_High_Male_L3_trim_R1.fastq.gz, trimmedReads/Psi1_A1_High_Male_L3_trim_R2.fastq.gz
    jobid: 0
    reason: Forced execution
    wildcards: sample=Psi1_A1_High_Male_L3
    resources: mem_mb=13953, mem_mib=13307, disk_mb=13953, disk_mib=13307, tmpdir=/tmp

java -ea -Xmx3g -Xms3g -cp /research/labs/neurology/fryer/m214960/tools/miniconda3/envs/psilo/opt/bbmap-39.01-1/current/ jgi.BBDuk -Xmx3g in1=rawReads/Psi1_A1_High_Male_L3_R1.fastq.gz in2=rawReads/Psi1_A1_High_Male_L3_R2.fastq.gz out1=trimmedReads/Psi1_A1_High_Male_L3_trim_R1.fastq.gz out2=trimmedReads/Psi1_A1_High_Male_L3_trim_R2.fastq.gz ref=refs/adapters.fa ktrim=r k=23 mink=11 hdist=1 tpe tbo threads=20 trimpolyg=1 trimpolya=1
Executing jgi.BBDuk [-Xmx3g, in1=rawReads/Psi1_A1_High_Male_L3_R1.fastq.gz, in2=rawReads/Psi1_A1_High_Male_L3_R2.fastq.gz, out1=trimmedReads/Psi1_A1_High_Male_L3_trim_R1.fastq.gz, out2=trimmedReads/Psi1_A1_High_Male_L3_trim_R2.fastq.gz, ref=refs/adapters.fa, ktrim=r, k=23, mink=11, hdist=1, tpe, tbo, threads=20, trimpolyg=1, trimpolya=1]
Version 39.01

Set threads to 20
maskMiddle was disabled because useShortKmers=true
0.363 seconds.
Initial:
Memory: max=3221m, total=3221m, free=3193m, used=28m

Added 3614 kmers; time: 	0.694 seconds.
Memory: max=3221m, total=3221m, free=3184m, used=37m

Input is being processed as paired
Started output streams:	0.330 seconds.
Processing time:   		269.247 seconds.

Input:                  	128934990 reads 		13022433990 bases.
Polymer-trimmed:        	188909697 reads (146.52%) 	347973400 bases (2.67%)
KTrimmed:               	4071896 reads (3.16%) 	141846156 bases (1.09%)
Trimmed by overlap:     	3386046 reads (2.63%) 	17556086 bases (0.13%)
Total Removed:          	720776 reads (0.56%) 	507375642 bases (3.90%)
Result:                 	128214214 reads (99.44%) 	12515058348 bases (96.10%)

Time:                         	270.273 seconds.
Reads Processed:        128m 	477.06k reads/sec
Bases Processed:      13022m 	48.18m bases/sec
[Thu May 16 12:56:49 2024]
Finished job 0.
1 of 1 steps (100%) done
