Building DAG of jobs...
Using shell: /usr/bin/bash
Provided cores: 10
Rules claiming more threads will be scaled down.
Provided resources: mem_mb=14108, mem_mib=13455, disk_mb=14108, disk_mib=13455
Select jobs to execute...

[Thu May 16 13:01:25 2024]
rule trim_bbduk:
    input: rawReads/Psi1_A14_Low_Male_L3_R1.fastq.gz, rawReads/Psi1_A14_Low_Male_L3_R2.fastq.gz
    output: trimmedReads/Psi1_A14_Low_Male_L3_trim_R1.fastq.gz, trimmedReads/Psi1_A14_Low_Male_L3_trim_R2.fastq.gz
    jobid: 0
    reason: Forced execution
    wildcards: sample=Psi1_A14_Low_Male_L3
    resources: mem_mb=14108, mem_mib=13455, disk_mb=14108, disk_mib=13455, tmpdir=/tmp

java -ea -Xmx3g -Xms3g -cp /research/labs/neurology/fryer/m214960/tools/miniconda3/envs/psilo/opt/bbmap-39.01-1/current/ jgi.BBDuk -Xmx3g in1=rawReads/Psi1_A14_Low_Male_L3_R1.fastq.gz in2=rawReads/Psi1_A14_Low_Male_L3_R2.fastq.gz out1=trimmedReads/Psi1_A14_Low_Male_L3_trim_R1.fastq.gz out2=trimmedReads/Psi1_A14_Low_Male_L3_trim_R2.fastq.gz ref=refs/adapters.fa ktrim=r k=23 mink=11 hdist=1 tpe tbo threads=20 trimpolyg=1 trimpolya=1
Executing jgi.BBDuk [-Xmx3g, in1=rawReads/Psi1_A14_Low_Male_L3_R1.fastq.gz, in2=rawReads/Psi1_A14_Low_Male_L3_R2.fastq.gz, out1=trimmedReads/Psi1_A14_Low_Male_L3_trim_R1.fastq.gz, out2=trimmedReads/Psi1_A14_Low_Male_L3_trim_R2.fastq.gz, ref=refs/adapters.fa, ktrim=r, k=23, mink=11, hdist=1, tpe, tbo, threads=20, trimpolyg=1, trimpolya=1]
Version 39.01

Set threads to 20
maskMiddle was disabled because useShortKmers=true
0.017 seconds.
Initial:
Memory: max=3221m, total=3221m, free=3193m, used=28m

Added 3614 kmers; time: 	0.015 seconds.
Memory: max=3221m, total=3221m, free=3185m, used=36m

Input is being processed as paired
Started output streams:	0.094 seconds.
Processing time:   		251.956 seconds.

Input:                  	129755790 reads 		13105334790 bases.
Polymer-trimmed:        	190544562 reads (146.85%) 	351695634 bases (2.68%)
KTrimmed:               	3939560 reads (3.04%) 	127286586 bases (0.97%)
Trimmed by overlap:     	3334212 reads (2.57%) 	17462084 bases (0.13%)
Total Removed:          	573512 reads (0.44%) 	496444304 bases (3.79%)
Result:                 	129182278 reads (99.56%) 	12608890486 bases (96.21%)

Time:                         	252.068 seconds.
Reads Processed:        129m 	514.77k reads/sec
Bases Processed:      13105m 	51.99m bases/sec
[Thu May 16 13:05:37 2024]
Finished job 0.
1 of 1 steps (100%) done
