Building DAG of jobs...
Using shell: /usr/bin/bash
Provided cores: 10
Rules claiming more threads will be scaled down.
Provided resources: mem_mb=13508, mem_mib=12883, disk_mb=13508, disk_mib=12883
Select jobs to execute...

[Thu May 16 12:59:51 2024]
rule trim_bbduk:
    input: rawReads/Psi1_A73_Low_Male_L4_R1.fastq.gz, rawReads/Psi1_A73_Low_Male_L4_R2.fastq.gz
    output: trimmedReads/Psi1_A73_Low_Male_L4_trim_R1.fastq.gz, trimmedReads/Psi1_A73_Low_Male_L4_trim_R2.fastq.gz
    jobid: 0
    reason: Forced execution
    wildcards: sample=Psi1_A73_Low_Male_L4
    resources: mem_mb=13508, mem_mib=12883, disk_mb=13508, disk_mib=12883, tmpdir=/tmp

java -ea -Xmx3g -Xms3g -cp /research/labs/neurology/fryer/m214960/tools/miniconda3/envs/psilo/opt/bbmap-39.01-1/current/ jgi.BBDuk -Xmx3g in1=rawReads/Psi1_A73_Low_Male_L4_R1.fastq.gz in2=rawReads/Psi1_A73_Low_Male_L4_R2.fastq.gz out1=trimmedReads/Psi1_A73_Low_Male_L4_trim_R1.fastq.gz out2=trimmedReads/Psi1_A73_Low_Male_L4_trim_R2.fastq.gz ref=refs/adapters.fa ktrim=r k=23 mink=11 hdist=1 tpe tbo threads=20 trimpolyg=1 trimpolya=1
Executing jgi.BBDuk [-Xmx3g, in1=rawReads/Psi1_A73_Low_Male_L4_R1.fastq.gz, in2=rawReads/Psi1_A73_Low_Male_L4_R2.fastq.gz, out1=trimmedReads/Psi1_A73_Low_Male_L4_trim_R1.fastq.gz, out2=trimmedReads/Psi1_A73_Low_Male_L4_trim_R2.fastq.gz, ref=refs/adapters.fa, ktrim=r, k=23, mink=11, hdist=1, tpe, tbo, threads=20, trimpolyg=1, trimpolya=1]
Version 39.01

Set threads to 20
maskMiddle was disabled because useShortKmers=true
0.260 seconds.
Initial:
Memory: max=3221m, total=3221m, free=3193m, used=28m

Added 3614 kmers; time: 	0.620 seconds.
Memory: max=3221m, total=3221m, free=3184m, used=37m

Input is being processed as paired
Started output streams:	0.654 seconds.
Processing time:   		316.760 seconds.

Input:                  	123113348 reads 		12434448148 bases.
Polymer-trimmed:        	184146355 reads (149.57%) 	342201759 bases (2.75%)
KTrimmed:               	4344634 reads (3.53%) 	140261808 bases (1.13%)
Trimmed by overlap:     	3424860 reads (2.78%) 	17992900 bases (0.14%)
Total Removed:          	583152 reads (0.47%) 	500456467 bases (4.02%)
Result:                 	122530196 reads (99.53%) 	11933991681 bases (95.98%)

Time:                         	318.036 seconds.
Reads Processed:        123m 	387.10k reads/sec
Bases Processed:      12434m 	39.10m bases/sec
[Thu May 16 13:05:26 2024]
Finished job 0.
1 of 1 steps (100%) done
