Building DAG of jobs...
Using shell: /usr/bin/bash
Provided cores: 10
Rules claiming more threads will be scaled down.
Provided resources: mem_mb=13459, mem_mib=12836, disk_mb=13459, disk_mib=12836
Select jobs to execute...

[Thu May 16 12:53:24 2024]
rule trim_bbduk:
    input: rawReads/Psi1_A71_Low_Male_L4_R1.fastq.gz, rawReads/Psi1_A71_Low_Male_L4_R2.fastq.gz
    output: trimmedReads/Psi1_A71_Low_Male_L4_trim_R1.fastq.gz, trimmedReads/Psi1_A71_Low_Male_L4_trim_R2.fastq.gz
    jobid: 0
    reason: Forced execution
    wildcards: sample=Psi1_A71_Low_Male_L4
    resources: mem_mb=13459, mem_mib=12836, disk_mb=13459, disk_mib=12836, tmpdir=/tmp

java -ea -Xmx3g -Xms3g -cp /research/labs/neurology/fryer/m214960/tools/miniconda3/envs/psilo/opt/bbmap-39.01-1/current/ jgi.BBDuk -Xmx3g in1=rawReads/Psi1_A71_Low_Male_L4_R1.fastq.gz in2=rawReads/Psi1_A71_Low_Male_L4_R2.fastq.gz out1=trimmedReads/Psi1_A71_Low_Male_L4_trim_R1.fastq.gz out2=trimmedReads/Psi1_A71_Low_Male_L4_trim_R2.fastq.gz ref=refs/adapters.fa ktrim=r k=23 mink=11 hdist=1 tpe tbo threads=20 trimpolyg=1 trimpolya=1
Executing jgi.BBDuk [-Xmx3g, in1=rawReads/Psi1_A71_Low_Male_L4_R1.fastq.gz, in2=rawReads/Psi1_A71_Low_Male_L4_R2.fastq.gz, out1=trimmedReads/Psi1_A71_Low_Male_L4_trim_R1.fastq.gz, out2=trimmedReads/Psi1_A71_Low_Male_L4_trim_R2.fastq.gz, ref=refs/adapters.fa, ktrim=r, k=23, mink=11, hdist=1, tpe, tbo, threads=20, trimpolyg=1, trimpolya=1]
Version 39.01

Set threads to 20
maskMiddle was disabled because useShortKmers=true
0.021 seconds.
Initial:
Memory: max=3221m, total=3221m, free=3193m, used=28m

Added 3614 kmers; time: 	0.019 seconds.
Memory: max=3221m, total=3221m, free=3185m, used=36m

Input is being processed as paired
Started output streams:	0.193 seconds.
Processing time:   		326.825 seconds.

Input:                  	122490742 reads 		12371564942 bases.
Polymer-trimmed:        	183915589 reads (150.15%) 	342855384 bases (2.77%)
KTrimmed:               	5657102 reads (4.62%) 	224744310 bases (1.82%)
Trimmed by overlap:     	3985608 reads (3.25%) 	20939194 bases (0.17%)
Total Removed:          	1280262 reads (1.05%) 	588538888 bases (4.76%)
Result:                 	121210480 reads (98.95%) 	11783026054 bases (95.24%)

Time:                         	327.040 seconds.
Reads Processed:        122m 	374.54k reads/sec
Bases Processed:      12371m 	37.83m bases/sec
[Thu May 16 12:58:52 2024]
Finished job 0.
1 of 1 steps (100%) done
