Building DAG of jobs...
Using shell: /usr/bin/bash
Provided cores: 10
Rules claiming more threads will be scaled down.
Provided resources: mem_mb=13716, mem_mib=13081, disk_mb=13716, disk_mib=13081
Select jobs to execute...

[Thu May 16 12:53:24 2024]
rule trim_bbduk:
    input: rawReads/Psi1_A66_High_Female_L4_R1.fastq.gz, rawReads/Psi1_A66_High_Female_L4_R2.fastq.gz
    output: trimmedReads/Psi1_A66_High_Female_L4_trim_R1.fastq.gz, trimmedReads/Psi1_A66_High_Female_L4_trim_R2.fastq.gz
    jobid: 0
    reason: Forced execution
    wildcards: sample=Psi1_A66_High_Female_L4
    resources: mem_mb=13716, mem_mib=13081, disk_mb=13716, disk_mib=13081, tmpdir=/tmp

java -ea -Xmx3g -Xms3g -cp /research/labs/neurology/fryer/m214960/tools/miniconda3/envs/psilo/opt/bbmap-39.01-1/current/ jgi.BBDuk -Xmx3g in1=rawReads/Psi1_A66_High_Female_L4_R1.fastq.gz in2=rawReads/Psi1_A66_High_Female_L4_R2.fastq.gz out1=trimmedReads/Psi1_A66_High_Female_L4_trim_R1.fastq.gz out2=trimmedReads/Psi1_A66_High_Female_L4_trim_R2.fastq.gz ref=refs/adapters.fa ktrim=r k=23 mink=11 hdist=1 tpe tbo threads=20 trimpolyg=1 trimpolya=1
Executing jgi.BBDuk [-Xmx3g, in1=rawReads/Psi1_A66_High_Female_L4_R1.fastq.gz, in2=rawReads/Psi1_A66_High_Female_L4_R2.fastq.gz, out1=trimmedReads/Psi1_A66_High_Female_L4_trim_R1.fastq.gz, out2=trimmedReads/Psi1_A66_High_Female_L4_trim_R2.fastq.gz, ref=refs/adapters.fa, ktrim=r, k=23, mink=11, hdist=1, tpe, tbo, threads=20, trimpolyg=1, trimpolya=1]
Version 39.01

Set threads to 20
maskMiddle was disabled because useShortKmers=true
0.020 seconds.
Initial:
Memory: max=3221m, total=3221m, free=3193m, used=28m

Added 3614 kmers; time: 	0.019 seconds.
Memory: max=3221m, total=3221m, free=3184m, used=37m

Input is being processed as paired
Started output streams:	0.311 seconds.
Processing time:   		322.573 seconds.

Input:                  	126612708 reads 		12787883508 bases.
Polymer-trimmed:        	191939278 reads (151.60%) 	357717636 bases (2.80%)
KTrimmed:               	4246092 reads (3.35%) 	135340230 bases (1.06%)
Trimmed by overlap:     	3633158 reads (2.87%) 	19033808 bases (0.15%)
Total Removed:          	573464 reads (0.45%) 	512091674 bases (4.00%)
Result:                 	126039244 reads (99.55%) 	12275791834 bases (96.00%)

Time:                         	322.905 seconds.
Reads Processed:        126m 	392.10k reads/sec
Bases Processed:      12787m 	39.60m bases/sec
[Thu May 16 12:58:48 2024]
Finished job 0.
1 of 1 steps (100%) done
