Building DAG of jobs...
Using shell: /usr/bin/bash
Provided cores: 10
Rules claiming more threads will be scaled down.
Provided resources: mem_mb=12570, mem_mib=11988, disk_mb=12570, disk_mib=11988
Select jobs to execute...

[Thu May 16 13:04:25 2024]
rule trim_bbduk:
    input: rawReads/Psi1_A76_Low_Female_L4_R1.fastq.gz, rawReads/Psi1_A76_Low_Female_L4_R2.fastq.gz
    output: trimmedReads/Psi1_A76_Low_Female_L4_trim_R1.fastq.gz, trimmedReads/Psi1_A76_Low_Female_L4_trim_R2.fastq.gz
    jobid: 0
    reason: Forced execution
    wildcards: sample=Psi1_A76_Low_Female_L4
    resources: mem_mb=12570, mem_mib=11988, disk_mb=12570, disk_mib=11988, tmpdir=/tmp

java -ea -Xmx3g -Xms3g -cp /research/labs/neurology/fryer/m214960/tools/miniconda3/envs/psilo/opt/bbmap-39.01-1/current/ jgi.BBDuk -Xmx3g in1=rawReads/Psi1_A76_Low_Female_L4_R1.fastq.gz in2=rawReads/Psi1_A76_Low_Female_L4_R2.fastq.gz out1=trimmedReads/Psi1_A76_Low_Female_L4_trim_R1.fastq.gz out2=trimmedReads/Psi1_A76_Low_Female_L4_trim_R2.fastq.gz ref=refs/adapters.fa ktrim=r k=23 mink=11 hdist=1 tpe tbo threads=20 trimpolyg=1 trimpolya=1
Executing jgi.BBDuk [-Xmx3g, in1=rawReads/Psi1_A76_Low_Female_L4_R1.fastq.gz, in2=rawReads/Psi1_A76_Low_Female_L4_R2.fastq.gz, out1=trimmedReads/Psi1_A76_Low_Female_L4_trim_R1.fastq.gz, out2=trimmedReads/Psi1_A76_Low_Female_L4_trim_R2.fastq.gz, ref=refs/adapters.fa, ktrim=r, k=23, mink=11, hdist=1, tpe, tbo, threads=20, trimpolyg=1, trimpolya=1]
Version 39.01

Set threads to 20
maskMiddle was disabled because useShortKmers=true
0.020 seconds.
Initial:
Memory: max=3221m, total=3221m, free=3193m, used=28m

Added 3614 kmers; time: 	0.021 seconds.
Memory: max=3221m, total=3221m, free=3184m, used=37m

Input is being processed as paired
Started output streams:	0.206 seconds.
Processing time:   		304.945 seconds.

Input:                  	115006336 reads 		11615639936 bases.
Polymer-trimmed:        	167386315 reads (145.55%) 	308010764 bases (2.65%)
KTrimmed:               	4371244 reads (3.80%) 	164769436 bases (1.42%)
Trimmed by overlap:     	3235978 reads (2.81%) 	16971614 bases (0.15%)
Total Removed:          	899724 reads (0.78%) 	489751814 bases (4.22%)
Result:                 	114106612 reads (99.22%) 	11125888122 bases (95.78%)

Time:                         	305.174 seconds.
Reads Processed:        115m 	376.85k reads/sec
Bases Processed:      11615m 	38.06m bases/sec
[Thu May 16 13:09:32 2024]
Finished job 0.
1 of 1 steps (100%) done
