Building DAG of jobs...
Using shell: /usr/bin/bash
Provided cores: 10
Rules claiming more threads will be scaled down.
Provided resources: mem_mb=13365, mem_mib=12746, disk_mb=13365, disk_mib=12746
Select jobs to execute...

[Thu May 16 13:05:25 2024]
rule trim_bbduk:
    input: rawReads/Psi1_A30_NS_Female_L3_R1.fastq.gz, rawReads/Psi1_A30_NS_Female_L3_R2.fastq.gz
    output: trimmedReads/Psi1_A30_NS_Female_L3_trim_R1.fastq.gz, trimmedReads/Psi1_A30_NS_Female_L3_trim_R2.fastq.gz
    jobid: 0
    reason: Forced execution
    wildcards: sample=Psi1_A30_NS_Female_L3
    resources: mem_mb=13365, mem_mib=12746, disk_mb=13365, disk_mib=12746, tmpdir=/tmp

java -ea -Xmx3g -Xms3g -cp /research/labs/neurology/fryer/m214960/tools/miniconda3/envs/psilo/opt/bbmap-39.01-1/current/ jgi.BBDuk -Xmx3g in1=rawReads/Psi1_A30_NS_Female_L3_R1.fastq.gz in2=rawReads/Psi1_A30_NS_Female_L3_R2.fastq.gz out1=trimmedReads/Psi1_A30_NS_Female_L3_trim_R1.fastq.gz out2=trimmedReads/Psi1_A30_NS_Female_L3_trim_R2.fastq.gz ref=refs/adapters.fa ktrim=r k=23 mink=11 hdist=1 tpe tbo threads=20 trimpolyg=1 trimpolya=1
Executing jgi.BBDuk [-Xmx3g, in1=rawReads/Psi1_A30_NS_Female_L3_R1.fastq.gz, in2=rawReads/Psi1_A30_NS_Female_L3_R2.fastq.gz, out1=trimmedReads/Psi1_A30_NS_Female_L3_trim_R1.fastq.gz, out2=trimmedReads/Psi1_A30_NS_Female_L3_trim_R2.fastq.gz, ref=refs/adapters.fa, ktrim=r, k=23, mink=11, hdist=1, tpe, tbo, threads=20, trimpolyg=1, trimpolya=1]
Version 39.01

Set threads to 20
maskMiddle was disabled because useShortKmers=true
0.020 seconds.
Initial:
Memory: max=3221m, total=3221m, free=3193m, used=28m

Added 3614 kmers; time: 	0.020 seconds.
Memory: max=3221m, total=3221m, free=3184m, used=37m

Input is being processed as paired
Started output streams:	0.131 seconds.
Processing time:   		328.403 seconds.

Input:                  	123663014 reads 		12489964414 bases.
Polymer-trimmed:        	186051259 reads (150.45%) 	345965153 bases (2.77%)
KTrimmed:               	4675270 reads (3.78%) 	161730518 bases (1.29%)
Trimmed by overlap:     	3764962 reads (3.04%) 	19722440 bases (0.16%)
Total Removed:          	787810 reads (0.64%) 	527418111 bases (4.22%)
Result:                 	122875204 reads (99.36%) 	11962546303 bases (95.78%)

Time:                         	328.556 seconds.
Reads Processed:        123m 	376.38k reads/sec
Bases Processed:      12489m 	38.01m bases/sec
[Thu May 16 13:10:54 2024]
Finished job 0.
1 of 1 steps (100%) done
