Building DAG of jobs...
Using shell: /usr/bin/bash
Provided cores: 10
Rules claiming more threads will be scaled down.
Provided resources: mem_mb=12558, mem_mib=11977, disk_mb=12558, disk_mib=11977
Select jobs to execute...

[Thu May 16 12:46:54 2024]
rule trim_bbduk:
    input: rawReads/Psi1_A87_NS_Female_L4_R1.fastq.gz, rawReads/Psi1_A87_NS_Female_L4_R2.fastq.gz
    output: trimmedReads/Psi1_A87_NS_Female_L4_trim_R1.fastq.gz, trimmedReads/Psi1_A87_NS_Female_L4_trim_R2.fastq.gz
    jobid: 0
    reason: Forced execution
    wildcards: sample=Psi1_A87_NS_Female_L4
    resources: mem_mb=12558, mem_mib=11977, disk_mb=12558, disk_mib=11977, tmpdir=/tmp

java -ea -Xmx3g -Xms3g -cp /research/labs/neurology/fryer/m214960/tools/miniconda3/envs/psilo/opt/bbmap-39.01-1/current/ jgi.BBDuk -Xmx3g in1=rawReads/Psi1_A87_NS_Female_L4_R1.fastq.gz in2=rawReads/Psi1_A87_NS_Female_L4_R2.fastq.gz out1=trimmedReads/Psi1_A87_NS_Female_L4_trim_R1.fastq.gz out2=trimmedReads/Psi1_A87_NS_Female_L4_trim_R2.fastq.gz ref=refs/adapters.fa ktrim=r k=23 mink=11 hdist=1 tpe tbo threads=20 trimpolyg=1 trimpolya=1
Executing jgi.BBDuk [-Xmx3g, in1=rawReads/Psi1_A87_NS_Female_L4_R1.fastq.gz, in2=rawReads/Psi1_A87_NS_Female_L4_R2.fastq.gz, out1=trimmedReads/Psi1_A87_NS_Female_L4_trim_R1.fastq.gz, out2=trimmedReads/Psi1_A87_NS_Female_L4_trim_R2.fastq.gz, ref=refs/adapters.fa, ktrim=r, k=23, mink=11, hdist=1, tpe, tbo, threads=20, trimpolyg=1, trimpolya=1]
Version 39.01

Set threads to 20
maskMiddle was disabled because useShortKmers=true
0.580 seconds.
Initial:
Memory: max=3221m, total=3221m, free=3193m, used=28m

Added 3614 kmers; time: 	0.901 seconds.
Memory: max=3221m, total=3221m, free=3184m, used=37m

Input is being processed as paired
Started output streams:	1.948 seconds.
Processing time:   		321.159 seconds.

Input:                  	115587092 reads 		11674296292 bases.
Polymer-trimmed:        	171057922 reads (147.99%) 	317766382 bases (2.72%)
KTrimmed:               	4298548 reads (3.72%) 	168884834 bases (1.45%)
Trimmed by overlap:     	3097172 reads (2.68%) 	16256540 bases (0.14%)
Total Removed:          	968544 reads (0.84%) 	502907756 bases (4.31%)
Result:                 	114618548 reads (99.16%) 	11171388536 bases (95.69%)

Time:                         	324.246 seconds.
Reads Processed:        115m 	356.48k reads/sec
Bases Processed:      11674m 	36.00m bases/sec
[Thu May 16 12:52:40 2024]
Finished job 0.
1 of 1 steps (100%) done
