Building DAG of jobs...
Using shell: /usr/bin/bash
Provided cores: 10
Rules claiming more threads will be scaled down.
Provided resources: mem_mb=10191, mem_mib=9719, disk_mb=10191, disk_mib=9719
Select jobs to execute...

[Thu May 16 13:05:49 2024]
rule trim_bbduk:
    input: rawReads/Psi1_A39_High_Female_L3_R1.fastq.gz, rawReads/Psi1_A39_High_Female_L3_R2.fastq.gz
    output: trimmedReads/Psi1_A39_High_Female_L3_trim_R1.fastq.gz, trimmedReads/Psi1_A39_High_Female_L3_trim_R2.fastq.gz
    jobid: 0
    reason: Forced execution
    wildcards: sample=Psi1_A39_High_Female_L3
    resources: mem_mb=10191, mem_mib=9719, disk_mb=10191, disk_mib=9719, tmpdir=/tmp

java -ea -Xmx3g -Xms3g -cp /research/labs/neurology/fryer/m214960/tools/miniconda3/envs/psilo/opt/bbmap-39.01-1/current/ jgi.BBDuk -Xmx3g in1=rawReads/Psi1_A39_High_Female_L3_R1.fastq.gz in2=rawReads/Psi1_A39_High_Female_L3_R2.fastq.gz out1=trimmedReads/Psi1_A39_High_Female_L3_trim_R1.fastq.gz out2=trimmedReads/Psi1_A39_High_Female_L3_trim_R2.fastq.gz ref=refs/adapters.fa ktrim=r k=23 mink=11 hdist=1 tpe tbo threads=20 trimpolyg=1 trimpolya=1
Executing jgi.BBDuk [-Xmx3g, in1=rawReads/Psi1_A39_High_Female_L3_R1.fastq.gz, in2=rawReads/Psi1_A39_High_Female_L3_R2.fastq.gz, out1=trimmedReads/Psi1_A39_High_Female_L3_trim_R1.fastq.gz, out2=trimmedReads/Psi1_A39_High_Female_L3_trim_R2.fastq.gz, ref=refs/adapters.fa, ktrim=r, k=23, mink=11, hdist=1, tpe, tbo, threads=20, trimpolyg=1, trimpolya=1]
Version 39.01

Set threads to 20
maskMiddle was disabled because useShortKmers=true
0.017 seconds.
Initial:
Memory: max=3221m, total=3221m, free=3193m, used=28m

Added 3614 kmers; time: 	0.016 seconds.
Memory: max=3221m, total=3221m, free=3185m, used=36m

Input is being processed as paired
Started output streams:	0.187 seconds.
Processing time:   		177.567 seconds.

Input:                  	93855686 reads 		9479424286 bases.
Polymer-trimmed:        	139339291 reads (148.46%) 	260341710 bases (2.75%)
KTrimmed:               	3479570 reads (3.71%) 	110762026 bases (1.17%)
Trimmed by overlap:     	2708524 reads (2.89%) 	14286170 bases (0.15%)
Total Removed:          	456358 reads (0.49%) 	385389906 bases (4.07%)
Result:                 	93399328 reads (99.51%) 	9094034380 bases (95.93%)

Time:                         	177.770 seconds.
Reads Processed:      93855k 	527.96k reads/sec
Bases Processed:       9479m 	53.32m bases/sec
[Thu May 16 13:08:47 2024]
Finished job 0.
1 of 1 steps (100%) done
