Building DAG of jobs...
Using shell: /usr/bin/bash
Provided cores: 10
Rules claiming more threads will be scaled down.
Provided resources: mem_mb=13914, mem_mib=13270, disk_mb=13914, disk_mib=13270
Select jobs to execute...

[Thu May 16 13:01:05 2024]
rule trim_bbduk:
    input: rawReads/Psi1_A24_NS_Male_L3_R1.fastq.gz, rawReads/Psi1_A24_NS_Male_L3_R2.fastq.gz
    output: trimmedReads/Psi1_A24_NS_Male_L3_trim_R1.fastq.gz, trimmedReads/Psi1_A24_NS_Male_L3_trim_R2.fastq.gz
    jobid: 0
    reason: Forced execution
    wildcards: sample=Psi1_A24_NS_Male_L3
    resources: mem_mb=13914, mem_mib=13270, disk_mb=13914, disk_mib=13270, tmpdir=/tmp

java -ea -Xmx3g -Xms3g -cp /research/labs/neurology/fryer/m214960/tools/miniconda3/envs/psilo/opt/bbmap-39.01-1/current/ jgi.BBDuk -Xmx3g in1=rawReads/Psi1_A24_NS_Male_L3_R1.fastq.gz in2=rawReads/Psi1_A24_NS_Male_L3_R2.fastq.gz out1=trimmedReads/Psi1_A24_NS_Male_L3_trim_R1.fastq.gz out2=trimmedReads/Psi1_A24_NS_Male_L3_trim_R2.fastq.gz ref=refs/adapters.fa ktrim=r k=23 mink=11 hdist=1 tpe tbo threads=20 trimpolyg=1 trimpolya=1
Executing jgi.BBDuk [-Xmx3g, in1=rawReads/Psi1_A24_NS_Male_L3_R1.fastq.gz, in2=rawReads/Psi1_A24_NS_Male_L3_R2.fastq.gz, out1=trimmedReads/Psi1_A24_NS_Male_L3_trim_R1.fastq.gz, out2=trimmedReads/Psi1_A24_NS_Male_L3_trim_R2.fastq.gz, ref=refs/adapters.fa, ktrim=r, k=23, mink=11, hdist=1, tpe, tbo, threads=20, trimpolyg=1, trimpolya=1]
Version 39.01

Set threads to 20
maskMiddle was disabled because useShortKmers=true
0.068 seconds.
Initial:
Memory: max=3221m, total=3221m, free=3193m, used=28m

Added 3614 kmers; time: 	0.111 seconds.
Memory: max=3221m, total=3221m, free=3185m, used=36m

Input is being processed as paired
Started output streams:	0.245 seconds.
Processing time:   		288.819 seconds.

Input:                  	129418020 reads 		13071220020 bases.
Polymer-trimmed:        	195141316 reads (150.78%) 	361996608 bases (2.77%)
KTrimmed:               	4177564 reads (3.23%) 	148580254 bases (1.14%)
Trimmed by overlap:     	3683344 reads (2.85%) 	19065598 bases (0.15%)
Total Removed:          	780320 reads (0.60%) 	529642460 bases (4.05%)
Result:                 	128637700 reads (99.40%) 	12541577560 bases (95.95%)

Time:                         	289.177 seconds.
Reads Processed:        129m 	447.54k reads/sec
Bases Processed:      13071m 	45.20m bases/sec
[Thu May 16 13:06:06 2024]
Finished job 0.
1 of 1 steps (100%) done
