Building DAG of jobs...
Using shell: /usr/bin/bash
Provided cores: 10
Rules claiming more threads will be scaled down.
Provided resources: mem_mb=13784, mem_mib=13146, disk_mb=13784, disk_mib=13146
Select jobs to execute...

[Thu May 16 13:04:45 2024]
rule trim_bbduk:
    input: rawReads/Psi1_A31_High_Male_L3_R1.fastq.gz, rawReads/Psi1_A31_High_Male_L3_R2.fastq.gz
    output: trimmedReads/Psi1_A31_High_Male_L3_trim_R1.fastq.gz, trimmedReads/Psi1_A31_High_Male_L3_trim_R2.fastq.gz
    jobid: 0
    reason: Forced execution
    wildcards: sample=Psi1_A31_High_Male_L3
    resources: mem_mb=13784, mem_mib=13146, disk_mb=13784, disk_mib=13146, tmpdir=/tmp

java -ea -Xmx3g -Xms3g -cp /research/labs/neurology/fryer/m214960/tools/miniconda3/envs/psilo/opt/bbmap-39.01-1/current/ jgi.BBDuk -Xmx3g in1=rawReads/Psi1_A31_High_Male_L3_R1.fastq.gz in2=rawReads/Psi1_A31_High_Male_L3_R2.fastq.gz out1=trimmedReads/Psi1_A31_High_Male_L3_trim_R1.fastq.gz out2=trimmedReads/Psi1_A31_High_Male_L3_trim_R2.fastq.gz ref=refs/adapters.fa ktrim=r k=23 mink=11 hdist=1 tpe tbo threads=20 trimpolyg=1 trimpolya=1
Executing jgi.BBDuk [-Xmx3g, in1=rawReads/Psi1_A31_High_Male_L3_R1.fastq.gz, in2=rawReads/Psi1_A31_High_Male_L3_R2.fastq.gz, out1=trimmedReads/Psi1_A31_High_Male_L3_trim_R1.fastq.gz, out2=trimmedReads/Psi1_A31_High_Male_L3_trim_R2.fastq.gz, ref=refs/adapters.fa, ktrim=r, k=23, mink=11, hdist=1, tpe, tbo, threads=20, trimpolyg=1, trimpolya=1]
Version 39.01

Set threads to 20
maskMiddle was disabled because useShortKmers=true
0.495 seconds.
Initial:
Memory: max=3221m, total=3221m, free=3193m, used=28m

Added 3614 kmers; time: 	1.070 seconds.
Memory: max=3221m, total=3221m, free=3184m, used=37m

Input is being processed as paired
Started output streams:	0.525 seconds.
Processing time:   		256.541 seconds.

Input:                  	126020518 reads 		12728072318 bases.
Polymer-trimmed:        	183758179 reads (145.82%) 	340616077 bases (2.68%)
KTrimmed:               	6093026 reads (4.83%) 	231867284 bases (1.82%)
Trimmed by overlap:     	4351226 reads (3.45%) 	22928836 bases (0.18%)
Total Removed:          	1263022 reads (1.00%) 	595412197 bases (4.68%)
Result:                 	124757496 reads (99.00%) 	12132660121 bases (95.32%)

Time:                         	258.138 seconds.
Reads Processed:        126m 	488.19k reads/sec
Bases Processed:      12728m 	49.31m bases/sec
[Thu May 16 13:09:17 2024]
Finished job 0.
1 of 1 steps (100%) done
