Building DAG of jobs...
Using shell: /usr/bin/bash
Provided cores: 10
Rules claiming more threads will be scaled down.
Provided resources: mem_mb=10374, mem_mib=9894, disk_mb=10374, disk_mib=9894
Select jobs to execute...

[Thu May 16 13:36:29 2024]
rule gene_count:
    input: starAligned/Psi1_A79_Low_Female_L4.Aligned.sortedByCoord.out.bam, /research/labs/neurology/fryer/projects/references/mouse/refdata-gex-mm10-2020-A/genes/genes.gtf
    output: featureCounts/Psi1_A79_Low_Female_L4_gene.counts
    jobid: 0
    reason: Forced execution
    wildcards: sample=Psi1_A79_Low_Female_L4
    resources: mem_mb=10374, mem_mib=9894, disk_mb=10374, disk_mib=9894, tmpdir=/tmp


        ==========     _____ _    _ ____  _____  ______          _____  
        =====         / ____| |  | |  _ \|  __ \|  ____|   /\   |  __ \ 
          =====      | (___ | |  | | |_) | |__) | |__     /  \  | |  | |
            ====      \___ \| |  | |  _ <|  _  /|  __|   / /\ \ | |  | |
              ====    ____) | |__| | |_) | | \ \| |____ / ____ \| |__| |
        ==========   |_____/ \____/|____/|_|  \_\______/_/    \_\_____/
	  v2.0.6

//========================== featureCounts setting ===========================\\
||                                                                            ||
||             Input files : 1 BAM file                                       ||
||                                                                            ||
||                           Psi1_A79_Low_Female_L4.Aligned.sortedByCoord.out.bam ||
||                                                                            ||
||             Output file : Psi1_A79_Low_Female_L4_gene.counts               ||
||                 Summary : Psi1_A79_Low_Female_L4_gene.counts.summary       ||
||              Paired-end : yes                                              ||
||        Count read pairs : no                                               ||
||              Annotation : genes.gtf (GTF)                                  ||
||      Dir for temp files : featureCounts                                    ||
||                                                                            ||
||                 Threads : 20                                               ||
||                   Level : meta-feature level                               ||
||      Multimapping reads : not counted                                      ||
||     Multiple alignments : primary alignment only                           ||
|| Multi-overlapping reads : not counted                                      ||
||   Min overlapping bases : 1                                                ||
||                                                                            ||
\\============================================================================//

//================================= Running ==================================\\
||                                                                            ||
|| Load annotation file genes.gtf ...                                         ||
||    Features : 32285                                                        ||
||    Meta-features : 32285                                                   ||
||    Chromosomes/contigs : 41                                                ||
||                                                                            ||
|| Process BAM file Psi1_A79_Low_Female_L4.Aligned.sortedByCoord.out.bam...   ||
||    Strand specific : reversely stranded                                    ||
||    Paired-end reads are included.                                          ||
||    The reads are assigned on the single-end mode.                          ||
||    Total alignments : 101708319                                            ||
||    Successfully assigned alignments : 85203512 (83.8%)                     ||
||    Running time : 0.31 minutes                                             ||
||                                                                            ||
|| Write the final count table.                                               ||
|| Write the read assignment summary.                                         ||
||                                                                            ||
|| Summary of counting results can be found in file "featureCounts/Psi1_A79_  ||
|| Low_Female_L4_gene.counts.summary"                                         ||
||                                                                            ||
\\============================================================================//

[Thu May 16 13:36:50 2024]
Finished job 0.
1 of 1 steps (100%) done
