Building DAG of jobs...
Using shell: /usr/bin/bash
Provided cores: 10
Rules claiming more threads will be scaled down.
Provided resources: mem_mb=15046, mem_mib=14349, disk_mb=15046, disk_mib=14349
Select jobs to execute...

[Thu May 16 12:46:54 2024]
rule trim_bbduk:
    input: rawReads/Psi1_A17_Low_Female_L3_R1.fastq.gz, rawReads/Psi1_A17_Low_Female_L3_R2.fastq.gz
    output: trimmedReads/Psi1_A17_Low_Female_L3_trim_R1.fastq.gz, trimmedReads/Psi1_A17_Low_Female_L3_trim_R2.fastq.gz
    jobid: 0
    reason: Forced execution
    wildcards: sample=Psi1_A17_Low_Female_L3
    resources: mem_mb=15046, mem_mib=14349, disk_mb=15046, disk_mib=14349, tmpdir=/tmp

java -ea -Xmx3g -Xms3g -cp /research/labs/neurology/fryer/m214960/tools/miniconda3/envs/psilo/opt/bbmap-39.01-1/current/ jgi.BBDuk -Xmx3g in1=rawReads/Psi1_A17_Low_Female_L3_R1.fastq.gz in2=rawReads/Psi1_A17_Low_Female_L3_R2.fastq.gz out1=trimmedReads/Psi1_A17_Low_Female_L3_trim_R1.fastq.gz out2=trimmedReads/Psi1_A17_Low_Female_L3_trim_R2.fastq.gz ref=refs/adapters.fa ktrim=r k=23 mink=11 hdist=1 tpe tbo threads=20 trimpolyg=1 trimpolya=1
Executing jgi.BBDuk [-Xmx3g, in1=rawReads/Psi1_A17_Low_Female_L3_R1.fastq.gz, in2=rawReads/Psi1_A17_Low_Female_L3_R2.fastq.gz, out1=trimmedReads/Psi1_A17_Low_Female_L3_trim_R1.fastq.gz, out2=trimmedReads/Psi1_A17_Low_Female_L3_trim_R2.fastq.gz, ref=refs/adapters.fa, ktrim=r, k=23, mink=11, hdist=1, tpe, tbo, threads=20, trimpolyg=1, trimpolya=1]
Version 39.01

Set threads to 20
maskMiddle was disabled because useShortKmers=true
0.581 seconds.
Initial:
Memory: max=3221m, total=3221m, free=3193m, used=28m

Added 3614 kmers; time: 	0.892 seconds.
Memory: max=3221m, total=3221m, free=3184m, used=37m

Input is being processed as paired
Started output streams:	2.825 seconds.
Processing time:   		289.095 seconds.

Input:                  	139787194 reads 		14118506594 bases.
Polymer-trimmed:        	209294237 reads (149.72%) 	389269553 bases (2.76%)
KTrimmed:               	4668476 reads (3.34%) 	156036676 bases (1.11%)
Trimmed by overlap:     	3835012 reads (2.74%) 	20055486 bases (0.14%)
Total Removed:          	737554 reads (0.53%) 	565361715 bases (4.00%)
Result:                 	139049640 reads (99.47%) 	13553144879 bases (96.00%)

Time:                         	292.813 seconds.
Reads Processed:        139m 	477.39k reads/sec
Bases Processed:      14118m 	48.22m bases/sec
[Thu May 16 12:51:57 2024]
Finished job 0.
1 of 1 steps (100%) done
