Building DAG of jobs...
Using shell: /usr/bin/bash
Provided cores: 10
Rules claiming more threads will be scaled down.
Provided resources: mem_mb=14446, mem_mib=13777, disk_mb=14446, disk_mib=13777
Select jobs to execute...

[Thu May 16 12:46:54 2024]
rule trim_bbduk:
    input: rawReads/Psi1_A88_NS_Female_L4_R1.fastq.gz, rawReads/Psi1_A88_NS_Female_L4_R2.fastq.gz
    output: trimmedReads/Psi1_A88_NS_Female_L4_trim_R1.fastq.gz, trimmedReads/Psi1_A88_NS_Female_L4_trim_R2.fastq.gz
    jobid: 0
    reason: Forced execution
    wildcards: sample=Psi1_A88_NS_Female_L4
    resources: mem_mb=14446, mem_mib=13777, disk_mb=14446, disk_mib=13777, tmpdir=/tmp

java -ea -Xmx3g -Xms3g -cp /research/labs/neurology/fryer/m214960/tools/miniconda3/envs/psilo/opt/bbmap-39.01-1/current/ jgi.BBDuk -Xmx3g in1=rawReads/Psi1_A88_NS_Female_L4_R1.fastq.gz in2=rawReads/Psi1_A88_NS_Female_L4_R2.fastq.gz out1=trimmedReads/Psi1_A88_NS_Female_L4_trim_R1.fastq.gz out2=trimmedReads/Psi1_A88_NS_Female_L4_trim_R2.fastq.gz ref=refs/adapters.fa ktrim=r k=23 mink=11 hdist=1 tpe tbo threads=20 trimpolyg=1 trimpolya=1
Executing jgi.BBDuk [-Xmx3g, in1=rawReads/Psi1_A88_NS_Female_L4_R1.fastq.gz, in2=rawReads/Psi1_A88_NS_Female_L4_R2.fastq.gz, out1=trimmedReads/Psi1_A88_NS_Female_L4_trim_R1.fastq.gz, out2=trimmedReads/Psi1_A88_NS_Female_L4_trim_R2.fastq.gz, ref=refs/adapters.fa, ktrim=r, k=23, mink=11, hdist=1, tpe, tbo, threads=20, trimpolyg=1, trimpolya=1]
Version 39.01

Set threads to 20
maskMiddle was disabled because useShortKmers=true
0.582 seconds.
Initial:
Memory: max=3221m, total=3221m, free=3193m, used=28m

Added 3614 kmers; time: 	0.889 seconds.
Memory: max=3221m, total=3221m, free=3184m, used=37m

Input is being processed as paired
Started output streams:	0.707 seconds.
Processing time:   		278.715 seconds.

Input:                  	131307524 reads 		13262059924 bases.
Polymer-trimmed:        	190029698 reads (144.72%) 	351747179 bases (2.65%)
KTrimmed:               	5325000 reads (4.06%) 	173184240 bases (1.31%)
Trimmed by overlap:     	3921574 reads (2.99%) 	20679038 bases (0.16%)
Total Removed:          	742770 reads (0.57%) 	545610457 bases (4.11%)
Result:                 	130564754 reads (99.43%) 	12716449467 bases (95.89%)

Time:                         	280.312 seconds.
Reads Processed:        131m 	468.43k reads/sec
Bases Processed:      13262m 	47.31m bases/sec
[Thu May 16 12:51:55 2024]
Finished job 0.
1 of 1 steps (100%) done
