Building DAG of jobs...
Using shell: /usr/bin/bash
Provided cores: 10
Rules claiming more threads will be scaled down.
Provided resources: mem_mb=12055, mem_mib=11497, disk_mb=12055, disk_mib=11497
Select jobs to execute...

[Thu May 16 12:58:48 2024]
rule trim_bbduk:
    input: rawReads/Psi1_A33_High_Male_L3_R1.fastq.gz, rawReads/Psi1_A33_High_Male_L3_R2.fastq.gz
    output: trimmedReads/Psi1_A33_High_Male_L3_trim_R1.fastq.gz, trimmedReads/Psi1_A33_High_Male_L3_trim_R2.fastq.gz
    jobid: 0
    reason: Forced execution
    wildcards: sample=Psi1_A33_High_Male_L3
    resources: mem_mb=12055, mem_mib=11497, disk_mb=12055, disk_mib=11497, tmpdir=/tmp

java -ea -Xmx3g -Xms3g -cp /research/labs/neurology/fryer/m214960/tools/miniconda3/envs/psilo/opt/bbmap-39.01-1/current/ jgi.BBDuk -Xmx3g in1=rawReads/Psi1_A33_High_Male_L3_R1.fastq.gz in2=rawReads/Psi1_A33_High_Male_L3_R2.fastq.gz out1=trimmedReads/Psi1_A33_High_Male_L3_trim_R1.fastq.gz out2=trimmedReads/Psi1_A33_High_Male_L3_trim_R2.fastq.gz ref=refs/adapters.fa ktrim=r k=23 mink=11 hdist=1 tpe tbo threads=20 trimpolyg=1 trimpolya=1
Executing jgi.BBDuk [-Xmx3g, in1=rawReads/Psi1_A33_High_Male_L3_R1.fastq.gz, in2=rawReads/Psi1_A33_High_Male_L3_R2.fastq.gz, out1=trimmedReads/Psi1_A33_High_Male_L3_trim_R1.fastq.gz, out2=trimmedReads/Psi1_A33_High_Male_L3_trim_R2.fastq.gz, ref=refs/adapters.fa, ktrim=r, k=23, mink=11, hdist=1, tpe, tbo, threads=20, trimpolyg=1, trimpolya=1]
Version 39.01

Set threads to 20
maskMiddle was disabled because useShortKmers=true
0.022 seconds.
Initial:
Memory: max=3221m, total=3221m, free=3193m, used=28m

Added 3614 kmers; time: 	0.020 seconds.
Memory: max=3221m, total=3221m, free=3185m, used=36m

Input is being processed as paired
Started output streams:	0.296 seconds.
Processing time:   		292.837 seconds.

Input:                  	111684948 reads 		11280179748 bases.
Polymer-trimmed:        	165445297 reads (148.14%) 	306735804 bases (2.72%)
KTrimmed:               	4312158 reads (3.86%) 	156993888 bases (1.39%)
Trimmed by overlap:     	3249614 reads (2.91%) 	16988226 bases (0.15%)
Total Removed:          	813292 reads (0.73%) 	480717918 bases (4.26%)
Result:                 	110871656 reads (99.27%) 	10799461830 bases (95.74%)

Time:                         	293.155 seconds.
Reads Processed:        111m 	380.98k reads/sec
Bases Processed:      11280m 	38.48m bases/sec
[Thu May 16 13:03:43 2024]
Finished job 0.
1 of 1 steps (100%) done
