Building DAG of jobs...
Using shell: /usr/bin/bash
Provided cores: 10
Rules claiming more threads will be scaled down.
Provided resources: mem_mb=16649, mem_mib=15878, disk_mb=16649, disk_mib=15878
Select jobs to execute...

[Thu May 16 12:46:54 2024]
rule trim_bbduk:
    input: rawReads/Psi1_A60_NS_Female_L4_R1.fastq.gz, rawReads/Psi1_A60_NS_Female_L4_R2.fastq.gz
    output: trimmedReads/Psi1_A60_NS_Female_L4_trim_R1.fastq.gz, trimmedReads/Psi1_A60_NS_Female_L4_trim_R2.fastq.gz
    jobid: 0
    reason: Forced execution
    wildcards: sample=Psi1_A60_NS_Female_L4
    resources: mem_mb=16649, mem_mib=15878, disk_mb=16649, disk_mib=15878, tmpdir=/tmp

java -ea -Xmx3g -Xms3g -cp /research/labs/neurology/fryer/m214960/tools/miniconda3/envs/psilo/opt/bbmap-39.01-1/current/ jgi.BBDuk -Xmx3g in1=rawReads/Psi1_A60_NS_Female_L4_R1.fastq.gz in2=rawReads/Psi1_A60_NS_Female_L4_R2.fastq.gz out1=trimmedReads/Psi1_A60_NS_Female_L4_trim_R1.fastq.gz out2=trimmedReads/Psi1_A60_NS_Female_L4_trim_R2.fastq.gz ref=refs/adapters.fa ktrim=r k=23 mink=11 hdist=1 tpe tbo threads=20 trimpolyg=1 trimpolya=1
Executing jgi.BBDuk [-Xmx3g, in1=rawReads/Psi1_A60_NS_Female_L4_R1.fastq.gz, in2=rawReads/Psi1_A60_NS_Female_L4_R2.fastq.gz, out1=trimmedReads/Psi1_A60_NS_Female_L4_trim_R1.fastq.gz, out2=trimmedReads/Psi1_A60_NS_Female_L4_trim_R2.fastq.gz, ref=refs/adapters.fa, ktrim=r, k=23, mink=11, hdist=1, tpe, tbo, threads=20, trimpolyg=1, trimpolya=1]
Version 39.01

Set threads to 20
maskMiddle was disabled because useShortKmers=true
0.579 seconds.
Initial:
Memory: max=3221m, total=3221m, free=3193m, used=28m

Added 3614 kmers; time: 	0.891 seconds.
Memory: max=3221m, total=3221m, free=3184m, used=37m

Input is being processed as paired
Started output streams:	0.718 seconds.
Processing time:   		405.265 seconds.

Input:                  	153022892 reads 		15455312092 bases.
Polymer-trimmed:        	226703048 reads (148.15%) 	419852573 bases (2.72%)
KTrimmed:               	5448174 reads (3.56%) 	203412642 bases (1.32%)
Trimmed by overlap:     	4174192 reads (2.73%) 	21882106 bases (0.14%)
Total Removed:          	1107706 reads (0.72%) 	645147321 bases (4.17%)
Result:                 	151915186 reads (99.28%) 	14810164771 bases (95.83%)

Time:                         	406.876 seconds.
Reads Processed:        153m 	376.09k reads/sec
Bases Processed:      15455m 	37.99m bases/sec
[Thu May 16 12:54:02 2024]
Finished job 0.
1 of 1 steps (100%) done
