Building DAG of jobs...
Using shell: /usr/bin/bash
Provided cores: 10
Rules claiming more threads will be scaled down.
Provided resources: mem_mb=15037, mem_mib=14341, disk_mb=15037, disk_mib=14341
Select jobs to execute...

[Thu May 16 12:57:55 2024]
rule trim_bbduk:
    input: rawReads/Psi1_A69_High_Female_L4_R1.fastq.gz, rawReads/Psi1_A69_High_Female_L4_R2.fastq.gz
    output: trimmedReads/Psi1_A69_High_Female_L4_trim_R1.fastq.gz, trimmedReads/Psi1_A69_High_Female_L4_trim_R2.fastq.gz
    jobid: 0
    reason: Forced execution
    wildcards: sample=Psi1_A69_High_Female_L4
    resources: mem_mb=15037, mem_mib=14341, disk_mb=15037, disk_mib=14341, tmpdir=/tmp

java -ea -Xmx3g -Xms3g -cp /research/labs/neurology/fryer/m214960/tools/miniconda3/envs/psilo/opt/bbmap-39.01-1/current/ jgi.BBDuk -Xmx3g in1=rawReads/Psi1_A69_High_Female_L4_R1.fastq.gz in2=rawReads/Psi1_A69_High_Female_L4_R2.fastq.gz out1=trimmedReads/Psi1_A69_High_Female_L4_trim_R1.fastq.gz out2=trimmedReads/Psi1_A69_High_Female_L4_trim_R2.fastq.gz ref=refs/adapters.fa ktrim=r k=23 mink=11 hdist=1 tpe tbo threads=20 trimpolyg=1 trimpolya=1
Executing jgi.BBDuk [-Xmx3g, in1=rawReads/Psi1_A69_High_Female_L4_R1.fastq.gz, in2=rawReads/Psi1_A69_High_Female_L4_R2.fastq.gz, out1=trimmedReads/Psi1_A69_High_Female_L4_trim_R1.fastq.gz, out2=trimmedReads/Psi1_A69_High_Female_L4_trim_R2.fastq.gz, ref=refs/adapters.fa, ktrim=r, k=23, mink=11, hdist=1, tpe, tbo, threads=20, trimpolyg=1, trimpolya=1]
Version 39.01

Set threads to 20
maskMiddle was disabled because useShortKmers=true
0.019 seconds.
Initial:
Memory: max=3221m, total=3221m, free=3193m, used=28m

Added 3614 kmers; time: 	0.021 seconds.
Memory: max=3221m, total=3221m, free=3185m, used=36m

Input is being processed as paired
Started output streams:	0.101 seconds.
Processing time:   		362.009 seconds.

Input:                  	138457088 reads 		13984165888 bases.
Polymer-trimmed:        	199521551 reads (144.10%) 	367404264 bases (2.63%)
KTrimmed:               	5835480 reads (4.21%) 	289452028 bases (2.07%)
Trimmed by overlap:     	3682604 reads (2.66%) 	19142588 bases (0.14%)
Total Removed:          	2074684 reads (1.50%) 	675998880 bases (4.83%)
Result:                 	136382404 reads (98.50%) 	13308167008 bases (95.17%)

Time:                         	362.134 seconds.
Reads Processed:        138m 	382.34k reads/sec
Bases Processed:      13984m 	38.62m bases/sec
[Thu May 16 13:03:57 2024]
Finished job 0.
1 of 1 steps (100%) done
