Building DAG of jobs...
Using shell: /usr/bin/bash
Provided cores: 10
Rules claiming more threads will be scaled down.
Provided resources: mem_mb=14745, mem_mib=14062, disk_mb=14745, disk_mib=14062
Select jobs to execute...

[Thu May 16 13:09:55 2024]
rule trim_bbduk:
    input: rawReads/Psi1_A8_High_Female_L3_R1.fastq.gz, rawReads/Psi1_A8_High_Female_L3_R2.fastq.gz
    output: trimmedReads/Psi1_A8_High_Female_L3_trim_R1.fastq.gz, trimmedReads/Psi1_A8_High_Female_L3_trim_R2.fastq.gz
    jobid: 0
    reason: Forced execution
    wildcards: sample=Psi1_A8_High_Female_L3
    resources: mem_mb=14745, mem_mib=14062, disk_mb=14745, disk_mib=14062, tmpdir=/tmp

java -ea -Xmx3g -Xms3g -cp /research/labs/neurology/fryer/m214960/tools/miniconda3/envs/psilo/opt/bbmap-39.01-1/current/ jgi.BBDuk -Xmx3g in1=rawReads/Psi1_A8_High_Female_L3_R1.fastq.gz in2=rawReads/Psi1_A8_High_Female_L3_R2.fastq.gz out1=trimmedReads/Psi1_A8_High_Female_L3_trim_R1.fastq.gz out2=trimmedReads/Psi1_A8_High_Female_L3_trim_R2.fastq.gz ref=refs/adapters.fa ktrim=r k=23 mink=11 hdist=1 tpe tbo threads=20 trimpolyg=1 trimpolya=1
Executing jgi.BBDuk [-Xmx3g, in1=rawReads/Psi1_A8_High_Female_L3_R1.fastq.gz, in2=rawReads/Psi1_A8_High_Female_L3_R2.fastq.gz, out1=trimmedReads/Psi1_A8_High_Female_L3_trim_R1.fastq.gz, out2=trimmedReads/Psi1_A8_High_Female_L3_trim_R2.fastq.gz, ref=refs/adapters.fa, ktrim=r, k=23, mink=11, hdist=1, tpe, tbo, threads=20, trimpolyg=1, trimpolya=1]
Version 39.01

Set threads to 20
maskMiddle was disabled because useShortKmers=true
0.021 seconds.
Initial:
Memory: max=3221m, total=3221m, free=3193m, used=28m

Added 3614 kmers; time: 	0.020 seconds.
Memory: max=3221m, total=3221m, free=3184m, used=37m

Input is being processed as paired
Started output streams:	0.143 seconds.
Processing time:   		353.248 seconds.

Input:                  	136810444 reads 		13817854844 bases.
Polymer-trimmed:        	204724552 reads (149.64%) 	379541984 bases (2.75%)
KTrimmed:               	5560056 reads (4.06%) 	209575854 bases (1.52%)
Trimmed by overlap:     	3861726 reads (2.82%) 	20286484 bases (0.15%)
Total Removed:          	1113500 reads (0.81%) 	609404322 bases (4.41%)
Result:                 	135696944 reads (99.19%) 	13208450522 bases (95.59%)

Time:                         	353.413 seconds.
Reads Processed:        136m 	387.11k reads/sec
Bases Processed:      13817m 	39.10m bases/sec
[Thu May 16 13:15:50 2024]
Finished job 0.
1 of 1 steps (100%) done
