Building DAG of jobs...
Using shell: /usr/bin/bash
Provided cores: 10
Rules claiming more threads will be scaled down.
Provided resources: mem_mb=12788, mem_mib=12196, disk_mb=12788, disk_mib=12196
Select jobs to execute...

[Thu May 16 12:59:24 2024]
rule trim_bbduk:
    input: rawReads/Psi1_A29_NS_Female_L3_R1.fastq.gz, rawReads/Psi1_A29_NS_Female_L3_R2.fastq.gz
    output: trimmedReads/Psi1_A29_NS_Female_L3_trim_R1.fastq.gz, trimmedReads/Psi1_A29_NS_Female_L3_trim_R2.fastq.gz
    jobid: 0
    reason: Forced execution
    wildcards: sample=Psi1_A29_NS_Female_L3
    resources: mem_mb=12788, mem_mib=12196, disk_mb=12788, disk_mib=12196, tmpdir=/tmp

java -ea -Xmx3g -Xms3g -cp /research/labs/neurology/fryer/m214960/tools/miniconda3/envs/psilo/opt/bbmap-39.01-1/current/ jgi.BBDuk -Xmx3g in1=rawReads/Psi1_A29_NS_Female_L3_R1.fastq.gz in2=rawReads/Psi1_A29_NS_Female_L3_R2.fastq.gz out1=trimmedReads/Psi1_A29_NS_Female_L3_trim_R1.fastq.gz out2=trimmedReads/Psi1_A29_NS_Female_L3_trim_R2.fastq.gz ref=refs/adapters.fa ktrim=r k=23 mink=11 hdist=1 tpe tbo threads=20 trimpolyg=1 trimpolya=1
Executing jgi.BBDuk [-Xmx3g, in1=rawReads/Psi1_A29_NS_Female_L3_R1.fastq.gz, in2=rawReads/Psi1_A29_NS_Female_L3_R2.fastq.gz, out1=trimmedReads/Psi1_A29_NS_Female_L3_trim_R1.fastq.gz, out2=trimmedReads/Psi1_A29_NS_Female_L3_trim_R2.fastq.gz, ref=refs/adapters.fa, ktrim=r, k=23, mink=11, hdist=1, tpe, tbo, threads=20, trimpolyg=1, trimpolya=1]
Version 39.01

Set threads to 20
maskMiddle was disabled because useShortKmers=true
0.018 seconds.
Initial:
Memory: max=3221m, total=3221m, free=3193m, used=28m

Added 3614 kmers; time: 	0.015 seconds.
Memory: max=3221m, total=3221m, free=3185m, used=36m

Input is being processed as paired
Started output streams:	0.175 seconds.
Processing time:   		226.842 seconds.

Input:                  	118754008 reads 		11994154808 bases.
Polymer-trimmed:        	177754638 reads (149.68%) 	328913806 bases (2.74%)
KTrimmed:               	4273444 reads (3.60%) 	142854836 bases (1.19%)
Trimmed by overlap:     	3635088 reads (3.06%) 	18953856 bases (0.16%)
Total Removed:          	670096 reads (0.56%) 	490722498 bases (4.09%)
Result:                 	118083912 reads (99.44%) 	11503432310 bases (95.91%)

Time:                         	227.033 seconds.
Reads Processed:        118m 	523.07k reads/sec
Bases Processed:      11994m 	52.83m bases/sec
[Thu May 16 13:03:12 2024]
Finished job 0.
1 of 1 steps (100%) done
