Building DAG of jobs...
Using shell: /usr/bin/bash
Provided cores: 10
Rules claiming more threads will be scaled down.
Provided resources: mem_mb=12627, mem_mib=12043, disk_mb=12627, disk_mib=12043
Select jobs to execute...

[Thu May 16 13:06:43 2024]
rule trim_bbduk:
    input: rawReads/Psi1_A56_NS_Female_L4_R1.fastq.gz, rawReads/Psi1_A56_NS_Female_L4_R2.fastq.gz
    output: trimmedReads/Psi1_A56_NS_Female_L4_trim_R1.fastq.gz, trimmedReads/Psi1_A56_NS_Female_L4_trim_R2.fastq.gz
    jobid: 0
    reason: Forced execution
    wildcards: sample=Psi1_A56_NS_Female_L4
    resources: mem_mb=12627, mem_mib=12043, disk_mb=12627, disk_mib=12043, tmpdir=/tmp

java -ea -Xmx3g -Xms3g -cp /research/labs/neurology/fryer/m214960/tools/miniconda3/envs/psilo/opt/bbmap-39.01-1/current/ jgi.BBDuk -Xmx3g in1=rawReads/Psi1_A56_NS_Female_L4_R1.fastq.gz in2=rawReads/Psi1_A56_NS_Female_L4_R2.fastq.gz out1=trimmedReads/Psi1_A56_NS_Female_L4_trim_R1.fastq.gz out2=trimmedReads/Psi1_A56_NS_Female_L4_trim_R2.fastq.gz ref=refs/adapters.fa ktrim=r k=23 mink=11 hdist=1 tpe tbo threads=20 trimpolyg=1 trimpolya=1
Executing jgi.BBDuk [-Xmx3g, in1=rawReads/Psi1_A56_NS_Female_L4_R1.fastq.gz, in2=rawReads/Psi1_A56_NS_Female_L4_R2.fastq.gz, out1=trimmedReads/Psi1_A56_NS_Female_L4_trim_R1.fastq.gz, out2=trimmedReads/Psi1_A56_NS_Female_L4_trim_R2.fastq.gz, ref=refs/adapters.fa, ktrim=r, k=23, mink=11, hdist=1, tpe, tbo, threads=20, trimpolyg=1, trimpolya=1]
Version 39.01

Set threads to 20
maskMiddle was disabled because useShortKmers=true
0.234 seconds.
Initial:
Memory: max=3221m, total=3221m, free=3193m, used=28m

Added 3614 kmers; time: 	0.770 seconds.
Memory: max=3221m, total=3221m, free=3184m, used=37m

Input is being processed as paired
Started output streams:	0.342 seconds.
Processing time:   		248.710 seconds.

Input:                  	116201682 reads 		11736369882 bases.
Polymer-trimmed:        	174698450 reads (150.34%) 	324836523 bases (2.77%)
KTrimmed:               	4277230 reads (3.68%) 	130291052 bases (1.11%)
Trimmed by overlap:     	3492288 reads (3.01%) 	18339334 bases (0.16%)
Total Removed:          	493856 reads (0.42%) 	473466909 bases (4.03%)
Result:                 	115707826 reads (99.58%) 	11262902973 bases (95.97%)

Time:                         	249.824 seconds.
Reads Processed:        116m 	465.13k reads/sec
Bases Processed:      11736m 	46.98m bases/sec
[Thu May 16 13:11:05 2024]
Finished job 0.
1 of 1 steps (100%) done
