Building DAG of jobs...
Using shell: /usr/bin/bash
Provided cores: 10
Rules claiming more threads will be scaled down.
Provided resources: mem_mb=13162, mem_mib=12553, disk_mb=13162, disk_mib=12553
Select jobs to execute...

[Thu May 16 13:02:05 2024]
rule trim_bbduk:
    input: rawReads/Psi1_A57_NS_Female_L4_R1.fastq.gz, rawReads/Psi1_A57_NS_Female_L4_R2.fastq.gz
    output: trimmedReads/Psi1_A57_NS_Female_L4_trim_R1.fastq.gz, trimmedReads/Psi1_A57_NS_Female_L4_trim_R2.fastq.gz
    jobid: 0
    reason: Forced execution
    wildcards: sample=Psi1_A57_NS_Female_L4
    resources: mem_mb=13162, mem_mib=12553, disk_mb=13162, disk_mib=12553, tmpdir=/tmp

java -ea -Xmx3g -Xms3g -cp /research/labs/neurology/fryer/m214960/tools/miniconda3/envs/psilo/opt/bbmap-39.01-1/current/ jgi.BBDuk -Xmx3g in1=rawReads/Psi1_A57_NS_Female_L4_R1.fastq.gz in2=rawReads/Psi1_A57_NS_Female_L4_R2.fastq.gz out1=trimmedReads/Psi1_A57_NS_Female_L4_trim_R1.fastq.gz out2=trimmedReads/Psi1_A57_NS_Female_L4_trim_R2.fastq.gz ref=refs/adapters.fa ktrim=r k=23 mink=11 hdist=1 tpe tbo threads=20 trimpolyg=1 trimpolya=1
Executing jgi.BBDuk [-Xmx3g, in1=rawReads/Psi1_A57_NS_Female_L4_R1.fastq.gz, in2=rawReads/Psi1_A57_NS_Female_L4_R2.fastq.gz, out1=trimmedReads/Psi1_A57_NS_Female_L4_trim_R1.fastq.gz, out2=trimmedReads/Psi1_A57_NS_Female_L4_trim_R2.fastq.gz, ref=refs/adapters.fa, ktrim=r, k=23, mink=11, hdist=1, tpe, tbo, threads=20, trimpolyg=1, trimpolya=1]
Version 39.01

Set threads to 20
maskMiddle was disabled because useShortKmers=true
0.285 seconds.
Initial:
Memory: max=3221m, total=3221m, free=3193m, used=28m

Added 3614 kmers; time: 	0.634 seconds.
Memory: max=3221m, total=3221m, free=3185m, used=36m

Input is being processed as paired
Started output streams:	0.686 seconds.
Processing time:   		246.952 seconds.

Input:                  	121073936 reads 		12228467536 bases.
Polymer-trimmed:        	179974823 reads (148.65%) 	335057541 bases (2.74%)
KTrimmed:               	5284918 reads (4.37%) 	200539734 bases (1.64%)
Trimmed by overlap:     	3875158 reads (3.20%) 	20387444 bases (0.17%)
Total Removed:          	1108006 reads (0.92%) 	555984719 bases (4.55%)
Result:                 	119965930 reads (99.08%) 	11672482817 bases (95.45%)

Time:                         	248.274 seconds.
Reads Processed:        121m 	487.66k reads/sec
Bases Processed:      12228m 	49.25m bases/sec
[Thu May 16 13:06:28 2024]
Finished job 0.
1 of 1 steps (100%) done
