Building DAG of jobs...
Using shell: /usr/bin/bash
Provided cores: 10
Rules claiming more threads will be scaled down.
Provided resources: mem_mb=12828, mem_mib=12234, disk_mb=12828, disk_mib=12234
Select jobs to execute...

[Thu May 16 12:54:24 2024]
rule trim_bbduk:
    input: rawReads/Psi1_A21_NS_Male_L3_R1.fastq.gz, rawReads/Psi1_A21_NS_Male_L3_R2.fastq.gz
    output: trimmedReads/Psi1_A21_NS_Male_L3_trim_R1.fastq.gz, trimmedReads/Psi1_A21_NS_Male_L3_trim_R2.fastq.gz
    jobid: 0
    reason: Forced execution
    wildcards: sample=Psi1_A21_NS_Male_L3
    resources: mem_mb=12828, mem_mib=12234, disk_mb=12828, disk_mib=12234, tmpdir=/tmp

java -ea -Xmx3g -Xms3g -cp /research/labs/neurology/fryer/m214960/tools/miniconda3/envs/psilo/opt/bbmap-39.01-1/current/ jgi.BBDuk -Xmx3g in1=rawReads/Psi1_A21_NS_Male_L3_R1.fastq.gz in2=rawReads/Psi1_A21_NS_Male_L3_R2.fastq.gz out1=trimmedReads/Psi1_A21_NS_Male_L3_trim_R1.fastq.gz out2=trimmedReads/Psi1_A21_NS_Male_L3_trim_R2.fastq.gz ref=refs/adapters.fa ktrim=r k=23 mink=11 hdist=1 tpe tbo threads=20 trimpolyg=1 trimpolya=1
Executing jgi.BBDuk [-Xmx3g, in1=rawReads/Psi1_A21_NS_Male_L3_R1.fastq.gz, in2=rawReads/Psi1_A21_NS_Male_L3_R2.fastq.gz, out1=trimmedReads/Psi1_A21_NS_Male_L3_trim_R1.fastq.gz, out2=trimmedReads/Psi1_A21_NS_Male_L3_trim_R2.fastq.gz, ref=refs/adapters.fa, ktrim=r, k=23, mink=11, hdist=1, tpe, tbo, threads=20, trimpolyg=1, trimpolya=1]
Version 39.01

Set threads to 20
maskMiddle was disabled because useShortKmers=true
0.016 seconds.
Initial:
Memory: max=3221m, total=3221m, free=3193m, used=28m

Added 3614 kmers; time: 	0.020 seconds.
Memory: max=3221m, total=3221m, free=3184m, used=37m

Input is being processed as paired
Started output streams:	0.118 seconds.
Processing time:   		282.311 seconds.

Input:                  	117983190 reads 		11916302190 bases.
Polymer-trimmed:        	170761181 reads (144.73%) 	312504020 bases (2.62%)
KTrimmed:               	4238154 reads (3.59%) 	137576402 bases (1.15%)
Trimmed by overlap:     	3715074 reads (3.15%) 	19287954 bases (0.16%)
Total Removed:          	626642 reads (0.53%) 	469368376 bases (3.94%)
Result:                 	117356548 reads (99.47%) 	11446933814 bases (96.06%)

Time:                         	282.450 seconds.
Reads Processed:        117m 	417.71k reads/sec
Bases Processed:      11916m 	42.19m bases/sec
[Thu May 16 12:59:08 2024]
Finished job 0.
1 of 1 steps (100%) done
