Building DAG of jobs...
Using shell: /usr/bin/bash
Provided cores: 10
Rules claiming more threads will be scaled down.
Provided resources: mem_mb=14983, mem_mib=14289, disk_mb=14983, disk_mib=14289
Select jobs to execute...

[Thu May 16 12:46:54 2024]
rule trim_bbduk:
    input: rawReads/Psi1_A35_High_Male_L3_R1.fastq.gz, rawReads/Psi1_A35_High_Male_L3_R2.fastq.gz
    output: trimmedReads/Psi1_A35_High_Male_L3_trim_R1.fastq.gz, trimmedReads/Psi1_A35_High_Male_L3_trim_R2.fastq.gz
    jobid: 0
    reason: Forced execution
    wildcards: sample=Psi1_A35_High_Male_L3
    resources: mem_mb=14983, mem_mib=14289, disk_mb=14983, disk_mib=14289, tmpdir=/tmp

java -ea -Xmx3g -Xms3g -cp /research/labs/neurology/fryer/m214960/tools/miniconda3/envs/psilo/opt/bbmap-39.01-1/current/ jgi.BBDuk -Xmx3g in1=rawReads/Psi1_A35_High_Male_L3_R1.fastq.gz in2=rawReads/Psi1_A35_High_Male_L3_R2.fastq.gz out1=trimmedReads/Psi1_A35_High_Male_L3_trim_R1.fastq.gz out2=trimmedReads/Psi1_A35_High_Male_L3_trim_R2.fastq.gz ref=refs/adapters.fa ktrim=r k=23 mink=11 hdist=1 tpe tbo threads=20 trimpolyg=1 trimpolya=1
Executing jgi.BBDuk [-Xmx3g, in1=rawReads/Psi1_A35_High_Male_L3_R1.fastq.gz, in2=rawReads/Psi1_A35_High_Male_L3_R2.fastq.gz, out1=trimmedReads/Psi1_A35_High_Male_L3_trim_R1.fastq.gz, out2=trimmedReads/Psi1_A35_High_Male_L3_trim_R2.fastq.gz, ref=refs/adapters.fa, ktrim=r, k=23, mink=11, hdist=1, tpe, tbo, threads=20, trimpolyg=1, trimpolya=1]
Version 39.01

Set threads to 20
maskMiddle was disabled because useShortKmers=true
0.578 seconds.
Initial:
Memory: max=3221m, total=3221m, free=3193m, used=28m

Added 3614 kmers; time: 	0.902 seconds.
Memory: max=3221m, total=3221m, free=3184m, used=37m

Input is being processed as paired
Started output streams:	2.702 seconds.
Processing time:   		356.729 seconds.

Input:                  	139473794 reads 		14086853194 bases.
Polymer-trimmed:        	209492371 reads (150.20%) 	389716751 bases (2.77%)
KTrimmed:               	6782984 reads (4.86%) 	273251708 bases (1.94%)
Trimmed by overlap:     	4627158 reads (3.32%) 	24240218 bases (0.17%)
Total Removed:          	1590054 reads (1.14%) 	687208677 bases (4.88%)
Result:                 	137883740 reads (98.86%) 	13399644517 bases (95.12%)

Time:                         	360.336 seconds.
Reads Processed:        139m 	387.07k reads/sec
Bases Processed:      14086m 	39.09m bases/sec
[Thu May 16 12:53:05 2024]
Finished job 0.
1 of 1 steps (100%) done
